#! /usr/bin/vvp
:ivl_version "10.3 (stable)";
:ivl_delay_selection "TYPICAL";
:vpi_time_precision + 0;
:vpi_module "system";
:vpi_module "vhdl_sys";
:vpi_module "v2005_math";
:vpi_module "va_math";
S_0x55ef5b1526d0 .scope module, "xor_tb" "xor_tb" 2 1;
 .timescale 0 0;
v0x55ef5b1b9db0_0 .var/s "a", 63 0;
v0x55ef5b1b9e70_0 .var/s "b", 63 0;
v0x55ef5b1b9f40_0 .net/s "out", 63 0, L_0x55ef5b1cd800;  1 drivers
S_0x55ef5b152850 .scope module, "and_module" "xor64" 2 7, 3 1 0, S_0x55ef5b1526d0;
 .timescale 0 0;
    .port_info 0 /OUTPUT 64 "out"
    .port_info 1 /INPUT 64 "a"
    .port_info 2 /INPUT 64 "b"
v0x55ef5b1b5c20_0 .net *"_s0", 0 0, L_0x55ef5b1ba040;  1 drivers
v0x55ef5b1b5d20_0 .net *"_s100", 0 0, L_0x55ef5b1bf4b0;  1 drivers
v0x55ef5b1b5e00_0 .net *"_s104", 0 0, L_0x55ef5b1bf8e0;  1 drivers
v0x55ef5b1b5ec0_0 .net *"_s108", 0 0, L_0x55ef5b1bfd20;  1 drivers
v0x55ef5b1b5fa0_0 .net *"_s112", 0 0, L_0x55ef5b1c0170;  1 drivers
v0x55ef5b1b60d0_0 .net *"_s116", 0 0, L_0x55ef5b1c05d0;  1 drivers
v0x55ef5b1b61b0_0 .net *"_s12", 0 0, L_0x55ef5b1ba830;  1 drivers
v0x55ef5b1b6290_0 .net *"_s120", 0 0, L_0x55ef5b1c0a40;  1 drivers
v0x55ef5b1b6370_0 .net *"_s124", 0 0, L_0x55ef5b1c16e0;  1 drivers
v0x55ef5b1b6450_0 .net *"_s128", 0 0, L_0x55ef5b1c1b40;  1 drivers
v0x55ef5b1b6530_0 .net *"_s132", 0 0, L_0x55ef5b1c2010;  1 drivers
v0x55ef5b1b6610_0 .net *"_s136", 0 0, L_0x55ef5b1c24c0;  1 drivers
v0x55ef5b1b66f0_0 .net *"_s140", 0 0, L_0x55ef5b1c2980;  1 drivers
v0x55ef5b1b67d0_0 .net *"_s144", 0 0, L_0x55ef5b1c2e50;  1 drivers
v0x55ef5b1b68b0_0 .net *"_s148", 0 0, L_0x55ef5b1c3330;  1 drivers
v0x55ef5b1b6990_0 .net *"_s152", 0 0, L_0x55ef5b1c3820;  1 drivers
v0x55ef5b1b6a70_0 .net *"_s156", 0 0, L_0x55ef5b1c3d20;  1 drivers
v0x55ef5b1b6b50_0 .net *"_s16", 0 0, L_0x55ef5b1baa80;  1 drivers
v0x55ef5b1b6c30_0 .net *"_s160", 0 0, L_0x55ef5b1c4230;  1 drivers
v0x55ef5b1b6d10_0 .net *"_s164", 0 0, L_0x55ef5b1c4750;  1 drivers
v0x55ef5b1b6df0_0 .net *"_s168", 0 0, L_0x55ef5b1c4c80;  1 drivers
v0x55ef5b1b6ed0_0 .net *"_s172", 0 0, L_0x55ef5b1c51c0;  1 drivers
v0x55ef5b1b6fb0_0 .net *"_s176", 0 0, L_0x55ef5b1c5710;  1 drivers
v0x55ef5b1b7090_0 .net *"_s180", 0 0, L_0x55ef5b1c5c70;  1 drivers
v0x55ef5b1b7170_0 .net *"_s184", 0 0, L_0x55ef5b1c61e0;  1 drivers
v0x55ef5b1b7250_0 .net *"_s188", 0 0, L_0x55ef5b1c6760;  1 drivers
v0x55ef5b1b7330_0 .net *"_s192", 0 0, L_0x55ef5b1c6cf0;  1 drivers
v0x55ef5b1b7410_0 .net *"_s196", 0 0, L_0x55ef5b1c7290;  1 drivers
v0x55ef5b1b74f0_0 .net *"_s20", 0 0, L_0x55ef5b1bad60;  1 drivers
v0x55ef5b1b75d0_0 .net *"_s200", 0 0, L_0x55ef5b1c7840;  1 drivers
v0x55ef5b1b76b0_0 .net *"_s204", 0 0, L_0x55ef5b1c7e00;  1 drivers
v0x55ef5b1b7790_0 .net *"_s208", 0 0, L_0x55ef5b1c83d0;  1 drivers
v0x55ef5b1b7870_0 .net *"_s212", 0 0, L_0x55ef5b1c89b0;  1 drivers
v0x55ef5b1b7b60_0 .net *"_s216", 0 0, L_0x55ef5b1c8fa0;  1 drivers
v0x55ef5b1b7c40_0 .net *"_s220", 0 0, L_0x55ef5b1c95a0;  1 drivers
v0x55ef5b1b7d20_0 .net *"_s224", 0 0, L_0x55ef5b1c9bb0;  1 drivers
v0x55ef5b1b7e00_0 .net *"_s228", 0 0, L_0x55ef5b1ca1d0;  1 drivers
v0x55ef5b1b7ee0_0 .net *"_s232", 0 0, L_0x55ef5b1ca800;  1 drivers
v0x55ef5b1b7fc0_0 .net *"_s236", 0 0, L_0x55ef5b1cae40;  1 drivers
v0x55ef5b1b80a0_0 .net *"_s24", 0 0, L_0x55ef5b1bb000;  1 drivers
v0x55ef5b1b8180_0 .net *"_s240", 0 0, L_0x55ef5b1cb490;  1 drivers
v0x55ef5b1b8260_0 .net *"_s244", 0 0, L_0x55ef5b1cbaf0;  1 drivers
v0x55ef5b1b8340_0 .net *"_s248", 0 0, L_0x55ef5b1cc160;  1 drivers
v0x55ef5b1b8420_0 .net *"_s252", 0 0, L_0x55ef5b1ceca0;  1 drivers
v0x55ef5b1b8500_0 .net *"_s28", 0 0, L_0x55ef5b1baf90;  1 drivers
v0x55ef5b1b85e0_0 .net *"_s32", 0 0, L_0x55ef5b1bb5a0;  1 drivers
v0x55ef5b1b86c0_0 .net *"_s36", 0 0, L_0x55ef5b1bb8c0;  1 drivers
v0x55ef5b1b87a0_0 .net *"_s4", 0 0, L_0x55ef5b1ba370;  1 drivers
v0x55ef5b1b8880_0 .net *"_s40", 0 0, L_0x55ef5b1bbbf0;  1 drivers
v0x55ef5b1b8960_0 .net *"_s44", 0 0, L_0x55ef5b1bbe90;  1 drivers
v0x55ef5b1b8a40_0 .net *"_s48", 0 0, L_0x55ef5b1bc1e0;  1 drivers
v0x55ef5b1b8b20_0 .net *"_s52", 0 0, L_0x55ef5b1bc540;  1 drivers
v0x55ef5b1b8c00_0 .net *"_s56", 0 0, L_0x55ef5b1bc8b0;  1 drivers
v0x55ef5b1b8ce0_0 .net *"_s60", 0 0, L_0x55ef5b1bce40;  1 drivers
v0x55ef5b1b8dc0_0 .net *"_s64", 0 0, L_0x55ef5b1bd1d0;  1 drivers
v0x55ef5b1b8ea0_0 .net *"_s68", 0 0, L_0x55ef5b1bd570;  1 drivers
v0x55ef5b1b8f80_0 .net *"_s72", 0 0, L_0x55ef5b1bd920;  1 drivers
v0x55ef5b1b9060_0 .net *"_s76", 0 0, L_0x55ef5b1bdce0;  1 drivers
v0x55ef5b1b9140_0 .net *"_s8", 0 0, L_0x55ef5b1ba5f0;  1 drivers
v0x55ef5b1b9220_0 .net *"_s80", 0 0, L_0x55ef5b1be0b0;  1 drivers
v0x55ef5b1b9300_0 .net *"_s84", 0 0, L_0x55ef5b1be490;  1 drivers
v0x55ef5b1b93e0_0 .net *"_s88", 0 0, L_0x55ef5b1be880;  1 drivers
v0x55ef5b1b94c0_0 .net *"_s92", 0 0, L_0x55ef5b1bec80;  1 drivers
v0x55ef5b1b95a0_0 .net *"_s96", 0 0, L_0x55ef5b1bf090;  1 drivers
v0x55ef5b1b9680_0 .net/s "a", 63 0, v0x55ef5b1b9db0_0;  1 drivers
v0x55ef5b1b9b70_0 .net/s "b", 63 0, v0x55ef5b1b9e70_0;  1 drivers
v0x55ef5b1b9c50_0 .net/s "out", 63 0, L_0x55ef5b1cd800;  alias, 1 drivers
L_0x55ef5b1ba140 .part v0x55ef5b1b9db0_0, 0, 1;
L_0x55ef5b1ba230 .part v0x55ef5b1b9e70_0, 0, 1;
L_0x55ef5b1ba3e0 .part v0x55ef5b1b9db0_0, 1, 1;
L_0x55ef5b1ba4d0 .part v0x55ef5b1b9e70_0, 1, 1;
L_0x55ef5b1ba660 .part v0x55ef5b1b9db0_0, 2, 1;
L_0x55ef5b1ba750 .part v0x55ef5b1b9e70_0, 2, 1;
L_0x55ef5b1ba8a0 .part v0x55ef5b1b9db0_0, 3, 1;
L_0x55ef5b1ba940 .part v0x55ef5b1b9e70_0, 3, 1;
L_0x55ef5b1bab20 .part v0x55ef5b1b9db0_0, 4, 1;
L_0x55ef5b1bac10 .part v0x55ef5b1b9e70_0, 4, 1;
L_0x55ef5b1bae00 .part v0x55ef5b1b9db0_0, 5, 1;
L_0x55ef5b1baea0 .part v0x55ef5b1b9e70_0, 5, 1;
L_0x55ef5b1bb0a0 .part v0x55ef5b1b9db0_0, 6, 1;
L_0x55ef5b1bb190 .part v0x55ef5b1b9e70_0, 6, 1;
L_0x55ef5b1bb330 .part v0x55ef5b1b9db0_0, 7, 1;
L_0x55ef5b1bb420 .part v0x55ef5b1b9e70_0, 7, 1;
L_0x55ef5b1bb640 .part v0x55ef5b1b9db0_0, 8, 1;
L_0x55ef5b1bb730 .part v0x55ef5b1b9e70_0, 8, 1;
L_0x55ef5b1bb960 .part v0x55ef5b1b9db0_0, 9, 1;
L_0x55ef5b1bba50 .part v0x55ef5b1b9e70_0, 9, 1;
L_0x55ef5b1bb820 .part v0x55ef5b1b9db0_0, 10, 1;
L_0x55ef5b1bbce0 .part v0x55ef5b1b9e70_0, 10, 1;
L_0x55ef5b1bbf30 .part v0x55ef5b1b9db0_0, 11, 1;
L_0x55ef5b1bc020 .part v0x55ef5b1b9e70_0, 11, 1;
L_0x55ef5b1bc280 .part v0x55ef5b1b9db0_0, 12, 1;
L_0x55ef5b1bc370 .part v0x55ef5b1b9e70_0, 12, 1;
L_0x55ef5b1bc5e0 .part v0x55ef5b1b9db0_0, 13, 1;
L_0x55ef5b1bc6d0 .part v0x55ef5b1b9e70_0, 13, 1;
L_0x55ef5b1bc950 .part v0x55ef5b1b9db0_0, 14, 1;
L_0x55ef5b1bca40 .part v0x55ef5b1b9e70_0, 14, 1;
L_0x55ef5b1bcee0 .part v0x55ef5b1b9db0_0, 15, 1;
L_0x55ef5b1bcfd0 .part v0x55ef5b1b9e70_0, 15, 1;
L_0x55ef5b1bd270 .part v0x55ef5b1b9db0_0, 16, 1;
L_0x55ef5b1bd360 .part v0x55ef5b1b9e70_0, 16, 1;
L_0x55ef5b1bd610 .part v0x55ef5b1b9db0_0, 17, 1;
L_0x55ef5b1bd700 .part v0x55ef5b1b9e70_0, 17, 1;
L_0x55ef5b1bd9c0 .part v0x55ef5b1b9db0_0, 18, 1;
L_0x55ef5b1bdab0 .part v0x55ef5b1b9e70_0, 18, 1;
L_0x55ef5b1bdd80 .part v0x55ef5b1b9db0_0, 19, 1;
L_0x55ef5b1bde70 .part v0x55ef5b1b9e70_0, 19, 1;
L_0x55ef5b1be150 .part v0x55ef5b1b9db0_0, 20, 1;
L_0x55ef5b1be240 .part v0x55ef5b1b9e70_0, 20, 1;
L_0x55ef5b1be530 .part v0x55ef5b1b9db0_0, 21, 1;
L_0x55ef5b1be620 .part v0x55ef5b1b9e70_0, 21, 1;
L_0x55ef5b1be920 .part v0x55ef5b1b9db0_0, 22, 1;
L_0x55ef5b1bea10 .part v0x55ef5b1b9e70_0, 22, 1;
L_0x55ef5b1bed20 .part v0x55ef5b1b9db0_0, 23, 1;
L_0x55ef5b1bee10 .part v0x55ef5b1b9e70_0, 23, 1;
L_0x55ef5b1bf130 .part v0x55ef5b1b9db0_0, 24, 1;
L_0x55ef5b1bf220 .part v0x55ef5b1b9e70_0, 24, 1;
L_0x55ef5b1bf550 .part v0x55ef5b1b9db0_0, 25, 1;
L_0x55ef5b1bf640 .part v0x55ef5b1b9e70_0, 25, 1;
L_0x55ef5b1bf980 .part v0x55ef5b1b9db0_0, 26, 1;
L_0x55ef5b1bfa70 .part v0x55ef5b1b9e70_0, 26, 1;
L_0x55ef5b1bfdc0 .part v0x55ef5b1b9db0_0, 27, 1;
L_0x55ef5b1bfeb0 .part v0x55ef5b1b9e70_0, 27, 1;
L_0x55ef5b1c0210 .part v0x55ef5b1b9db0_0, 28, 1;
L_0x55ef5b1c0300 .part v0x55ef5b1b9e70_0, 28, 1;
L_0x55ef5b1c0670 .part v0x55ef5b1b9db0_0, 29, 1;
L_0x55ef5b1c0760 .part v0x55ef5b1b9e70_0, 29, 1;
L_0x55ef5b1c0ae0 .part v0x55ef5b1b9db0_0, 30, 1;
L_0x55ef5b1c0fe0 .part v0x55ef5b1b9e70_0, 30, 1;
L_0x55ef5b1c1750 .part v0x55ef5b1b9db0_0, 31, 1;
L_0x55ef5b1c1840 .part v0x55ef5b1b9e70_0, 31, 1;
L_0x55ef5b1c1c10 .part v0x55ef5b1b9db0_0, 32, 1;
L_0x55ef5b1c1d00 .part v0x55ef5b1b9e70_0, 32, 1;
L_0x55ef5b1c20b0 .part v0x55ef5b1b9db0_0, 33, 1;
L_0x55ef5b1c21a0 .part v0x55ef5b1b9e70_0, 33, 1;
L_0x55ef5b1c2560 .part v0x55ef5b1b9db0_0, 34, 1;
L_0x55ef5b1c2650 .part v0x55ef5b1b9e70_0, 34, 1;
L_0x55ef5b1c2a20 .part v0x55ef5b1b9db0_0, 35, 1;
L_0x55ef5b1c2b10 .part v0x55ef5b1b9e70_0, 35, 1;
L_0x55ef5b1c2ef0 .part v0x55ef5b1b9db0_0, 36, 1;
L_0x55ef5b1c2fe0 .part v0x55ef5b1b9e70_0, 36, 1;
L_0x55ef5b1c33d0 .part v0x55ef5b1b9db0_0, 37, 1;
L_0x55ef5b1c34c0 .part v0x55ef5b1b9e70_0, 37, 1;
L_0x55ef5b1c38c0 .part v0x55ef5b1b9db0_0, 38, 1;
L_0x55ef5b1c39b0 .part v0x55ef5b1b9e70_0, 38, 1;
L_0x55ef5b1c3dc0 .part v0x55ef5b1b9db0_0, 39, 1;
L_0x55ef5b1c3eb0 .part v0x55ef5b1b9e70_0, 39, 1;
L_0x55ef5b1c42d0 .part v0x55ef5b1b9db0_0, 40, 1;
L_0x55ef5b1c43c0 .part v0x55ef5b1b9e70_0, 40, 1;
L_0x55ef5b1c47f0 .part v0x55ef5b1b9db0_0, 41, 1;
L_0x55ef5b1c48e0 .part v0x55ef5b1b9e70_0, 41, 1;
L_0x55ef5b1c4d20 .part v0x55ef5b1b9db0_0, 42, 1;
L_0x55ef5b1c4e10 .part v0x55ef5b1b9e70_0, 42, 1;
L_0x55ef5b1c5260 .part v0x55ef5b1b9db0_0, 43, 1;
L_0x55ef5b1c5350 .part v0x55ef5b1b9e70_0, 43, 1;
L_0x55ef5b1c57b0 .part v0x55ef5b1b9db0_0, 44, 1;
L_0x55ef5b1c58a0 .part v0x55ef5b1b9e70_0, 44, 1;
L_0x55ef5b1c5d10 .part v0x55ef5b1b9db0_0, 45, 1;
L_0x55ef5b1c5e00 .part v0x55ef5b1b9e70_0, 45, 1;
L_0x55ef5b1c6280 .part v0x55ef5b1b9db0_0, 46, 1;
L_0x55ef5b1c6370 .part v0x55ef5b1b9e70_0, 46, 1;
L_0x55ef5b1c6800 .part v0x55ef5b1b9db0_0, 47, 1;
L_0x55ef5b1c68f0 .part v0x55ef5b1b9e70_0, 47, 1;
L_0x55ef5b1c6d90 .part v0x55ef5b1b9db0_0, 48, 1;
L_0x55ef5b1c6e80 .part v0x55ef5b1b9e70_0, 48, 1;
L_0x55ef5b1c7330 .part v0x55ef5b1b9db0_0, 49, 1;
L_0x55ef5b1c7420 .part v0x55ef5b1b9e70_0, 49, 1;
L_0x55ef5b1c78e0 .part v0x55ef5b1b9db0_0, 50, 1;
L_0x55ef5b1c79d0 .part v0x55ef5b1b9e70_0, 50, 1;
L_0x55ef5b1c7ea0 .part v0x55ef5b1b9db0_0, 51, 1;
L_0x55ef5b1c7f90 .part v0x55ef5b1b9e70_0, 51, 1;
L_0x55ef5b1c8470 .part v0x55ef5b1b9db0_0, 52, 1;
L_0x55ef5b1c8560 .part v0x55ef5b1b9e70_0, 52, 1;
L_0x55ef5b1c8a50 .part v0x55ef5b1b9db0_0, 53, 1;
L_0x55ef5b1c8b40 .part v0x55ef5b1b9e70_0, 53, 1;
L_0x55ef5b1c9040 .part v0x55ef5b1b9db0_0, 54, 1;
L_0x55ef5b1c9130 .part v0x55ef5b1b9e70_0, 54, 1;
L_0x55ef5b1c9640 .part v0x55ef5b1b9db0_0, 55, 1;
L_0x55ef5b1c9730 .part v0x55ef5b1b9e70_0, 55, 1;
L_0x55ef5b1c9c50 .part v0x55ef5b1b9db0_0, 56, 1;
L_0x55ef5b1c9d40 .part v0x55ef5b1b9e70_0, 56, 1;
L_0x55ef5b1ca270 .part v0x55ef5b1b9db0_0, 57, 1;
L_0x55ef5b1ca360 .part v0x55ef5b1b9e70_0, 57, 1;
L_0x55ef5b1ca8a0 .part v0x55ef5b1b9db0_0, 58, 1;
L_0x55ef5b1ca990 .part v0x55ef5b1b9e70_0, 58, 1;
L_0x55ef5b1caee0 .part v0x55ef5b1b9db0_0, 59, 1;
L_0x55ef5b1cafd0 .part v0x55ef5b1b9e70_0, 59, 1;
L_0x55ef5b1cb530 .part v0x55ef5b1b9db0_0, 60, 1;
L_0x55ef5b1cb620 .part v0x55ef5b1b9e70_0, 60, 1;
L_0x55ef5b1cbb90 .part v0x55ef5b1b9db0_0, 61, 1;
L_0x55ef5b1cbc80 .part v0x55ef5b1b9e70_0, 61, 1;
L_0x55ef5b1cc200 .part v0x55ef5b1b9db0_0, 62, 1;
L_0x55ef5b1ccb00 .part v0x55ef5b1b9e70_0, 62, 1;
LS_0x55ef5b1cd800_0_0 .concat8 [ 1 1 1 1], L_0x55ef5b1ba040, L_0x55ef5b1ba370, L_0x55ef5b1ba5f0, L_0x55ef5b1ba830;
LS_0x55ef5b1cd800_0_4 .concat8 [ 1 1 1 1], L_0x55ef5b1baa80, L_0x55ef5b1bad60, L_0x55ef5b1bb000, L_0x55ef5b1baf90;
LS_0x55ef5b1cd800_0_8 .concat8 [ 1 1 1 1], L_0x55ef5b1bb5a0, L_0x55ef5b1bb8c0, L_0x55ef5b1bbbf0, L_0x55ef5b1bbe90;
LS_0x55ef5b1cd800_0_12 .concat8 [ 1 1 1 1], L_0x55ef5b1bc1e0, L_0x55ef5b1bc540, L_0x55ef5b1bc8b0, L_0x55ef5b1bce40;
LS_0x55ef5b1cd800_0_16 .concat8 [ 1 1 1 1], L_0x55ef5b1bd1d0, L_0x55ef5b1bd570, L_0x55ef5b1bd920, L_0x55ef5b1bdce0;
LS_0x55ef5b1cd800_0_20 .concat8 [ 1 1 1 1], L_0x55ef5b1be0b0, L_0x55ef5b1be490, L_0x55ef5b1be880, L_0x55ef5b1bec80;
LS_0x55ef5b1cd800_0_24 .concat8 [ 1 1 1 1], L_0x55ef5b1bf090, L_0x55ef5b1bf4b0, L_0x55ef5b1bf8e0, L_0x55ef5b1bfd20;
LS_0x55ef5b1cd800_0_28 .concat8 [ 1 1 1 1], L_0x55ef5b1c0170, L_0x55ef5b1c05d0, L_0x55ef5b1c0a40, L_0x55ef5b1c16e0;
LS_0x55ef5b1cd800_0_32 .concat8 [ 1 1 1 1], L_0x55ef5b1c1b40, L_0x55ef5b1c2010, L_0x55ef5b1c24c0, L_0x55ef5b1c2980;
LS_0x55ef5b1cd800_0_36 .concat8 [ 1 1 1 1], L_0x55ef5b1c2e50, L_0x55ef5b1c3330, L_0x55ef5b1c3820, L_0x55ef5b1c3d20;
LS_0x55ef5b1cd800_0_40 .concat8 [ 1 1 1 1], L_0x55ef5b1c4230, L_0x55ef5b1c4750, L_0x55ef5b1c4c80, L_0x55ef5b1c51c0;
LS_0x55ef5b1cd800_0_44 .concat8 [ 1 1 1 1], L_0x55ef5b1c5710, L_0x55ef5b1c5c70, L_0x55ef5b1c61e0, L_0x55ef5b1c6760;
LS_0x55ef5b1cd800_0_48 .concat8 [ 1 1 1 1], L_0x55ef5b1c6cf0, L_0x55ef5b1c7290, L_0x55ef5b1c7840, L_0x55ef5b1c7e00;
LS_0x55ef5b1cd800_0_52 .concat8 [ 1 1 1 1], L_0x55ef5b1c83d0, L_0x55ef5b1c89b0, L_0x55ef5b1c8fa0, L_0x55ef5b1c95a0;
LS_0x55ef5b1cd800_0_56 .concat8 [ 1 1 1 1], L_0x55ef5b1c9bb0, L_0x55ef5b1ca1d0, L_0x55ef5b1ca800, L_0x55ef5b1cae40;
LS_0x55ef5b1cd800_0_60 .concat8 [ 1 1 1 1], L_0x55ef5b1cb490, L_0x55ef5b1cbaf0, L_0x55ef5b1cc160, L_0x55ef5b1ceca0;
LS_0x55ef5b1cd800_1_0 .concat8 [ 4 4 4 4], LS_0x55ef5b1cd800_0_0, LS_0x55ef5b1cd800_0_4, LS_0x55ef5b1cd800_0_8, LS_0x55ef5b1cd800_0_12;
LS_0x55ef5b1cd800_1_4 .concat8 [ 4 4 4 4], LS_0x55ef5b1cd800_0_16, LS_0x55ef5b1cd800_0_20, LS_0x55ef5b1cd800_0_24, LS_0x55ef5b1cd800_0_28;
LS_0x55ef5b1cd800_1_8 .concat8 [ 4 4 4 4], LS_0x55ef5b1cd800_0_32, LS_0x55ef5b1cd800_0_36, LS_0x55ef5b1cd800_0_40, LS_0x55ef5b1cd800_0_44;
LS_0x55ef5b1cd800_1_12 .concat8 [ 4 4 4 4], LS_0x55ef5b1cd800_0_48, LS_0x55ef5b1cd800_0_52, LS_0x55ef5b1cd800_0_56, LS_0x55ef5b1cd800_0_60;
L_0x55ef5b1cd800 .concat8 [ 16 16 16 16], LS_0x55ef5b1cd800_1_0, LS_0x55ef5b1cd800_1_4, LS_0x55ef5b1cd800_1_8, LS_0x55ef5b1cd800_1_12;
L_0x55ef5b1ced60 .part v0x55ef5b1b9db0_0, 63, 1;
L_0x55ef5b1cf260 .part v0x55ef5b1b9e70_0, 63, 1;
S_0x55ef5b11c030 .scope generate, "genblk1[0]" "genblk1[0]" 3 8, 3 8 0, S_0x55ef5b152850;
 .timescale 0 0;
P_0x55ef5b163b70 .param/l "i" 0 3 8, +C4<00>;
L_0x55ef5b1ba040 .functor XOR 1, L_0x55ef5b1ba140, L_0x55ef5b1ba230, C4<0>, C4<0>;
v0x55ef5b166ee0_0 .net *"_s0", 0 0, L_0x55ef5b1ba140;  1 drivers
v0x55ef5b166330_0 .net *"_s1", 0 0, L_0x55ef5b1ba230;  1 drivers
S_0x55ef5b1a41f0 .scope generate, "genblk1[1]" "genblk1[1]" 3 8, 3 8 0, S_0x55ef5b152850;
 .timescale 0 0;
P_0x55ef5b15c690 .param/l "i" 0 3 8, +C4<01>;
L_0x55ef5b1ba370 .functor XOR 1, L_0x55ef5b1ba3e0, L_0x55ef5b1ba4d0, C4<0>, C4<0>;
v0x55ef5b1605b0_0 .net *"_s0", 0 0, L_0x55ef5b1ba3e0;  1 drivers
v0x55ef5b157970_0 .net *"_s1", 0 0, L_0x55ef5b1ba4d0;  1 drivers
S_0x55ef5b1a44a0 .scope generate, "genblk1[2]" "genblk1[2]" 3 8, 3 8 0, S_0x55ef5b152850;
 .timescale 0 0;
P_0x55ef5b15ddf0 .param/l "i" 0 3 8, +C4<010>;
L_0x55ef5b1ba5f0 .functor XOR 1, L_0x55ef5b1ba660, L_0x55ef5b1ba750, C4<0>, C4<0>;
v0x55ef5b156dc0_0 .net *"_s0", 0 0, L_0x55ef5b1ba660;  1 drivers
v0x55ef5b156280_0 .net *"_s1", 0 0, L_0x55ef5b1ba750;  1 drivers
S_0x55ef5b1a4760 .scope generate, "genblk1[3]" "genblk1[3]" 3 8, 3 8 0, S_0x55ef5b152850;
 .timescale 0 0;
P_0x55ef5b164720 .param/l "i" 0 3 8, +C4<011>;
L_0x55ef5b1ba830 .functor XOR 1, L_0x55ef5b1ba8a0, L_0x55ef5b1ba940, C4<0>, C4<0>;
v0x55ef5b1505b0_0 .net *"_s0", 0 0, L_0x55ef5b1ba8a0;  1 drivers
v0x55ef5b1a49d0_0 .net *"_s1", 0 0, L_0x55ef5b1ba940;  1 drivers
S_0x55ef5b1a4ab0 .scope generate, "genblk1[4]" "genblk1[4]" 3 8, 3 8 0, S_0x55ef5b152850;
 .timescale 0 0;
P_0x55ef5b1a4ca0 .param/l "i" 0 3 8, +C4<0100>;
L_0x55ef5b1baa80 .functor XOR 1, L_0x55ef5b1bab20, L_0x55ef5b1bac10, C4<0>, C4<0>;
v0x55ef5b1a4d80_0 .net *"_s0", 0 0, L_0x55ef5b1bab20;  1 drivers
v0x55ef5b1a4e60_0 .net *"_s1", 0 0, L_0x55ef5b1bac10;  1 drivers
S_0x55ef5b1a4f40 .scope generate, "genblk1[5]" "genblk1[5]" 3 8, 3 8 0, S_0x55ef5b152850;
 .timescale 0 0;
P_0x55ef5b1a5130 .param/l "i" 0 3 8, +C4<0101>;
L_0x55ef5b1bad60 .functor XOR 1, L_0x55ef5b1bae00, L_0x55ef5b1baea0, C4<0>, C4<0>;
v0x55ef5b1a5210_0 .net *"_s0", 0 0, L_0x55ef5b1bae00;  1 drivers
v0x55ef5b1a52f0_0 .net *"_s1", 0 0, L_0x55ef5b1baea0;  1 drivers
S_0x55ef5b1a53d0 .scope generate, "genblk1[6]" "genblk1[6]" 3 8, 3 8 0, S_0x55ef5b152850;
 .timescale 0 0;
P_0x55ef5b1a55c0 .param/l "i" 0 3 8, +C4<0110>;
L_0x55ef5b1bb000 .functor XOR 1, L_0x55ef5b1bb0a0, L_0x55ef5b1bb190, C4<0>, C4<0>;
v0x55ef5b1a56a0_0 .net *"_s0", 0 0, L_0x55ef5b1bb0a0;  1 drivers
v0x55ef5b1a5780_0 .net *"_s1", 0 0, L_0x55ef5b1bb190;  1 drivers
S_0x55ef5b1a5860 .scope generate, "genblk1[7]" "genblk1[7]" 3 8, 3 8 0, S_0x55ef5b152850;
 .timescale 0 0;
P_0x55ef5b1a5a50 .param/l "i" 0 3 8, +C4<0111>;
L_0x55ef5b1baf90 .functor XOR 1, L_0x55ef5b1bb330, L_0x55ef5b1bb420, C4<0>, C4<0>;
v0x55ef5b1a5b30_0 .net *"_s0", 0 0, L_0x55ef5b1bb330;  1 drivers
v0x55ef5b1a5c10_0 .net *"_s1", 0 0, L_0x55ef5b1bb420;  1 drivers
S_0x55ef5b1a5cf0 .scope generate, "genblk1[8]" "genblk1[8]" 3 8, 3 8 0, S_0x55ef5b152850;
 .timescale 0 0;
P_0x55ef5b1a4c50 .param/l "i" 0 3 8, +C4<01000>;
L_0x55ef5b1bb5a0 .functor XOR 1, L_0x55ef5b1bb640, L_0x55ef5b1bb730, C4<0>, C4<0>;
v0x55ef5b1a5f70_0 .net *"_s0", 0 0, L_0x55ef5b1bb640;  1 drivers
v0x55ef5b1a6050_0 .net *"_s1", 0 0, L_0x55ef5b1bb730;  1 drivers
S_0x55ef5b1a6130 .scope generate, "genblk1[9]" "genblk1[9]" 3 8, 3 8 0, S_0x55ef5b152850;
 .timescale 0 0;
P_0x55ef5b1a6320 .param/l "i" 0 3 8, +C4<01001>;
L_0x55ef5b1bb8c0 .functor XOR 1, L_0x55ef5b1bb960, L_0x55ef5b1bba50, C4<0>, C4<0>;
v0x55ef5b1a6400_0 .net *"_s0", 0 0, L_0x55ef5b1bb960;  1 drivers
v0x55ef5b1a64e0_0 .net *"_s1", 0 0, L_0x55ef5b1bba50;  1 drivers
S_0x55ef5b1a65c0 .scope generate, "genblk1[10]" "genblk1[10]" 3 8, 3 8 0, S_0x55ef5b152850;
 .timescale 0 0;
P_0x55ef5b1a67b0 .param/l "i" 0 3 8, +C4<01010>;
L_0x55ef5b1bbbf0 .functor XOR 1, L_0x55ef5b1bb820, L_0x55ef5b1bbce0, C4<0>, C4<0>;
v0x55ef5b1a6890_0 .net *"_s0", 0 0, L_0x55ef5b1bb820;  1 drivers
v0x55ef5b1a6970_0 .net *"_s1", 0 0, L_0x55ef5b1bbce0;  1 drivers
S_0x55ef5b1a6a50 .scope generate, "genblk1[11]" "genblk1[11]" 3 8, 3 8 0, S_0x55ef5b152850;
 .timescale 0 0;
P_0x55ef5b1a6c40 .param/l "i" 0 3 8, +C4<01011>;
L_0x55ef5b1bbe90 .functor XOR 1, L_0x55ef5b1bbf30, L_0x55ef5b1bc020, C4<0>, C4<0>;
v0x55ef5b1a6d20_0 .net *"_s0", 0 0, L_0x55ef5b1bbf30;  1 drivers
v0x55ef5b1a6e00_0 .net *"_s1", 0 0, L_0x55ef5b1bc020;  1 drivers
S_0x55ef5b1a6ee0 .scope generate, "genblk1[12]" "genblk1[12]" 3 8, 3 8 0, S_0x55ef5b152850;
 .timescale 0 0;
P_0x55ef5b1a70d0 .param/l "i" 0 3 8, +C4<01100>;
L_0x55ef5b1bc1e0 .functor XOR 1, L_0x55ef5b1bc280, L_0x55ef5b1bc370, C4<0>, C4<0>;
v0x55ef5b1a71b0_0 .net *"_s0", 0 0, L_0x55ef5b1bc280;  1 drivers
v0x55ef5b1a7290_0 .net *"_s1", 0 0, L_0x55ef5b1bc370;  1 drivers
S_0x55ef5b1a7370 .scope generate, "genblk1[13]" "genblk1[13]" 3 8, 3 8 0, S_0x55ef5b152850;
 .timescale 0 0;
P_0x55ef5b1a7560 .param/l "i" 0 3 8, +C4<01101>;
L_0x55ef5b1bc540 .functor XOR 1, L_0x55ef5b1bc5e0, L_0x55ef5b1bc6d0, C4<0>, C4<0>;
v0x55ef5b1a7640_0 .net *"_s0", 0 0, L_0x55ef5b1bc5e0;  1 drivers
v0x55ef5b1a7720_0 .net *"_s1", 0 0, L_0x55ef5b1bc6d0;  1 drivers
S_0x55ef5b1a7800 .scope generate, "genblk1[14]" "genblk1[14]" 3 8, 3 8 0, S_0x55ef5b152850;
 .timescale 0 0;
P_0x55ef5b1a79f0 .param/l "i" 0 3 8, +C4<01110>;
L_0x55ef5b1bc8b0 .functor XOR 1, L_0x55ef5b1bc950, L_0x55ef5b1bca40, C4<0>, C4<0>;
v0x55ef5b1a7ad0_0 .net *"_s0", 0 0, L_0x55ef5b1bc950;  1 drivers
v0x55ef5b1a7bb0_0 .net *"_s1", 0 0, L_0x55ef5b1bca40;  1 drivers
S_0x55ef5b1a7c90 .scope generate, "genblk1[15]" "genblk1[15]" 3 8, 3 8 0, S_0x55ef5b152850;
 .timescale 0 0;
P_0x55ef5b1a7e80 .param/l "i" 0 3 8, +C4<01111>;
L_0x55ef5b1bce40 .functor XOR 1, L_0x55ef5b1bcee0, L_0x55ef5b1bcfd0, C4<0>, C4<0>;
v0x55ef5b1a7f60_0 .net *"_s0", 0 0, L_0x55ef5b1bcee0;  1 drivers
v0x55ef5b1a8040_0 .net *"_s1", 0 0, L_0x55ef5b1bcfd0;  1 drivers
S_0x55ef5b1a8120 .scope generate, "genblk1[16]" "genblk1[16]" 3 8, 3 8 0, S_0x55ef5b152850;
 .timescale 0 0;
P_0x55ef5b1a8310 .param/l "i" 0 3 8, +C4<010000>;
L_0x55ef5b1bd1d0 .functor XOR 1, L_0x55ef5b1bd270, L_0x55ef5b1bd360, C4<0>, C4<0>;
v0x55ef5b1a83f0_0 .net *"_s0", 0 0, L_0x55ef5b1bd270;  1 drivers
v0x55ef5b1a84d0_0 .net *"_s1", 0 0, L_0x55ef5b1bd360;  1 drivers
S_0x55ef5b1a85b0 .scope generate, "genblk1[17]" "genblk1[17]" 3 8, 3 8 0, S_0x55ef5b152850;
 .timescale 0 0;
P_0x55ef5b1a87a0 .param/l "i" 0 3 8, +C4<010001>;
L_0x55ef5b1bd570 .functor XOR 1, L_0x55ef5b1bd610, L_0x55ef5b1bd700, C4<0>, C4<0>;
v0x55ef5b1a8880_0 .net *"_s0", 0 0, L_0x55ef5b1bd610;  1 drivers
v0x55ef5b1a8960_0 .net *"_s1", 0 0, L_0x55ef5b1bd700;  1 drivers
S_0x55ef5b1a8a40 .scope generate, "genblk1[18]" "genblk1[18]" 3 8, 3 8 0, S_0x55ef5b152850;
 .timescale 0 0;
P_0x55ef5b1a8c30 .param/l "i" 0 3 8, +C4<010010>;
L_0x55ef5b1bd920 .functor XOR 1, L_0x55ef5b1bd9c0, L_0x55ef5b1bdab0, C4<0>, C4<0>;
v0x55ef5b1a8d10_0 .net *"_s0", 0 0, L_0x55ef5b1bd9c0;  1 drivers
v0x55ef5b1a8df0_0 .net *"_s1", 0 0, L_0x55ef5b1bdab0;  1 drivers
S_0x55ef5b1a8ed0 .scope generate, "genblk1[19]" "genblk1[19]" 3 8, 3 8 0, S_0x55ef5b152850;
 .timescale 0 0;
P_0x55ef5b1a90c0 .param/l "i" 0 3 8, +C4<010011>;
L_0x55ef5b1bdce0 .functor XOR 1, L_0x55ef5b1bdd80, L_0x55ef5b1bde70, C4<0>, C4<0>;
v0x55ef5b1a91a0_0 .net *"_s0", 0 0, L_0x55ef5b1bdd80;  1 drivers
v0x55ef5b1a9280_0 .net *"_s1", 0 0, L_0x55ef5b1bde70;  1 drivers
S_0x55ef5b1a9360 .scope generate, "genblk1[20]" "genblk1[20]" 3 8, 3 8 0, S_0x55ef5b152850;
 .timescale 0 0;
P_0x55ef5b1a9550 .param/l "i" 0 3 8, +C4<010100>;
L_0x55ef5b1be0b0 .functor XOR 1, L_0x55ef5b1be150, L_0x55ef5b1be240, C4<0>, C4<0>;
v0x55ef5b1a9630_0 .net *"_s0", 0 0, L_0x55ef5b1be150;  1 drivers
v0x55ef5b1a9710_0 .net *"_s1", 0 0, L_0x55ef5b1be240;  1 drivers
S_0x55ef5b1a97f0 .scope generate, "genblk1[21]" "genblk1[21]" 3 8, 3 8 0, S_0x55ef5b152850;
 .timescale 0 0;
P_0x55ef5b1a99e0 .param/l "i" 0 3 8, +C4<010101>;
L_0x55ef5b1be490 .functor XOR 1, L_0x55ef5b1be530, L_0x55ef5b1be620, C4<0>, C4<0>;
v0x55ef5b1a9ac0_0 .net *"_s0", 0 0, L_0x55ef5b1be530;  1 drivers
v0x55ef5b1a9ba0_0 .net *"_s1", 0 0, L_0x55ef5b1be620;  1 drivers
S_0x55ef5b1a9c80 .scope generate, "genblk1[22]" "genblk1[22]" 3 8, 3 8 0, S_0x55ef5b152850;
 .timescale 0 0;
P_0x55ef5b1a9e70 .param/l "i" 0 3 8, +C4<010110>;
L_0x55ef5b1be880 .functor XOR 1, L_0x55ef5b1be920, L_0x55ef5b1bea10, C4<0>, C4<0>;
v0x55ef5b1a9f50_0 .net *"_s0", 0 0, L_0x55ef5b1be920;  1 drivers
v0x55ef5b1aa030_0 .net *"_s1", 0 0, L_0x55ef5b1bea10;  1 drivers
S_0x55ef5b1aa110 .scope generate, "genblk1[23]" "genblk1[23]" 3 8, 3 8 0, S_0x55ef5b152850;
 .timescale 0 0;
P_0x55ef5b1aa300 .param/l "i" 0 3 8, +C4<010111>;
L_0x55ef5b1bec80 .functor XOR 1, L_0x55ef5b1bed20, L_0x55ef5b1bee10, C4<0>, C4<0>;
v0x55ef5b1aa3e0_0 .net *"_s0", 0 0, L_0x55ef5b1bed20;  1 drivers
v0x55ef5b1aa4c0_0 .net *"_s1", 0 0, L_0x55ef5b1bee10;  1 drivers
S_0x55ef5b1aa5a0 .scope generate, "genblk1[24]" "genblk1[24]" 3 8, 3 8 0, S_0x55ef5b152850;
 .timescale 0 0;
P_0x55ef5b1aa790 .param/l "i" 0 3 8, +C4<011000>;
L_0x55ef5b1bf090 .functor XOR 1, L_0x55ef5b1bf130, L_0x55ef5b1bf220, C4<0>, C4<0>;
v0x55ef5b1aa870_0 .net *"_s0", 0 0, L_0x55ef5b1bf130;  1 drivers
v0x55ef5b1aa950_0 .net *"_s1", 0 0, L_0x55ef5b1bf220;  1 drivers
S_0x55ef5b1aaa30 .scope generate, "genblk1[25]" "genblk1[25]" 3 8, 3 8 0, S_0x55ef5b152850;
 .timescale 0 0;
P_0x55ef5b1aac20 .param/l "i" 0 3 8, +C4<011001>;
L_0x55ef5b1bf4b0 .functor XOR 1, L_0x55ef5b1bf550, L_0x55ef5b1bf640, C4<0>, C4<0>;
v0x55ef5b1aad00_0 .net *"_s0", 0 0, L_0x55ef5b1bf550;  1 drivers
v0x55ef5b1aade0_0 .net *"_s1", 0 0, L_0x55ef5b1bf640;  1 drivers
S_0x55ef5b1aaec0 .scope generate, "genblk1[26]" "genblk1[26]" 3 8, 3 8 0, S_0x55ef5b152850;
 .timescale 0 0;
P_0x55ef5b1ab0b0 .param/l "i" 0 3 8, +C4<011010>;
L_0x55ef5b1bf8e0 .functor XOR 1, L_0x55ef5b1bf980, L_0x55ef5b1bfa70, C4<0>, C4<0>;
v0x55ef5b1ab190_0 .net *"_s0", 0 0, L_0x55ef5b1bf980;  1 drivers
v0x55ef5b1ab270_0 .net *"_s1", 0 0, L_0x55ef5b1bfa70;  1 drivers
S_0x55ef5b1ab350 .scope generate, "genblk1[27]" "genblk1[27]" 3 8, 3 8 0, S_0x55ef5b152850;
 .timescale 0 0;
P_0x55ef5b1ab540 .param/l "i" 0 3 8, +C4<011011>;
L_0x55ef5b1bfd20 .functor XOR 1, L_0x55ef5b1bfdc0, L_0x55ef5b1bfeb0, C4<0>, C4<0>;
v0x55ef5b1ab620_0 .net *"_s0", 0 0, L_0x55ef5b1bfdc0;  1 drivers
v0x55ef5b1ab700_0 .net *"_s1", 0 0, L_0x55ef5b1bfeb0;  1 drivers
S_0x55ef5b1ab7e0 .scope generate, "genblk1[28]" "genblk1[28]" 3 8, 3 8 0, S_0x55ef5b152850;
 .timescale 0 0;
P_0x55ef5b1ab9d0 .param/l "i" 0 3 8, +C4<011100>;
L_0x55ef5b1c0170 .functor XOR 1, L_0x55ef5b1c0210, L_0x55ef5b1c0300, C4<0>, C4<0>;
v0x55ef5b1abab0_0 .net *"_s0", 0 0, L_0x55ef5b1c0210;  1 drivers
v0x55ef5b1abb90_0 .net *"_s1", 0 0, L_0x55ef5b1c0300;  1 drivers
S_0x55ef5b1abc70 .scope generate, "genblk1[29]" "genblk1[29]" 3 8, 3 8 0, S_0x55ef5b152850;
 .timescale 0 0;
P_0x55ef5b1abe60 .param/l "i" 0 3 8, +C4<011101>;
L_0x55ef5b1c05d0 .functor XOR 1, L_0x55ef5b1c0670, L_0x55ef5b1c0760, C4<0>, C4<0>;
v0x55ef5b1abf40_0 .net *"_s0", 0 0, L_0x55ef5b1c0670;  1 drivers
v0x55ef5b1ac020_0 .net *"_s1", 0 0, L_0x55ef5b1c0760;  1 drivers
S_0x55ef5b1ac100 .scope generate, "genblk1[30]" "genblk1[30]" 3 8, 3 8 0, S_0x55ef5b152850;
 .timescale 0 0;
P_0x55ef5b1ac2f0 .param/l "i" 0 3 8, +C4<011110>;
L_0x55ef5b1c0a40 .functor XOR 1, L_0x55ef5b1c0ae0, L_0x55ef5b1c0fe0, C4<0>, C4<0>;
v0x55ef5b1ac3d0_0 .net *"_s0", 0 0, L_0x55ef5b1c0ae0;  1 drivers
v0x55ef5b1ac4b0_0 .net *"_s1", 0 0, L_0x55ef5b1c0fe0;  1 drivers
S_0x55ef5b1ac590 .scope generate, "genblk1[31]" "genblk1[31]" 3 8, 3 8 0, S_0x55ef5b152850;
 .timescale 0 0;
P_0x55ef5b1ac780 .param/l "i" 0 3 8, +C4<011111>;
L_0x55ef5b1c16e0 .functor XOR 1, L_0x55ef5b1c1750, L_0x55ef5b1c1840, C4<0>, C4<0>;
v0x55ef5b1ac860_0 .net *"_s0", 0 0, L_0x55ef5b1c1750;  1 drivers
v0x55ef5b1ac940_0 .net *"_s1", 0 0, L_0x55ef5b1c1840;  1 drivers
S_0x55ef5b1aca20 .scope generate, "genblk1[32]" "genblk1[32]" 3 8, 3 8 0, S_0x55ef5b152850;
 .timescale 0 0;
P_0x55ef5b1acc10 .param/l "i" 0 3 8, +C4<0100000>;
L_0x55ef5b1c1b40 .functor XOR 1, L_0x55ef5b1c1c10, L_0x55ef5b1c1d00, C4<0>, C4<0>;
v0x55ef5b1accd0_0 .net *"_s0", 0 0, L_0x55ef5b1c1c10;  1 drivers
v0x55ef5b1acdd0_0 .net *"_s1", 0 0, L_0x55ef5b1c1d00;  1 drivers
S_0x55ef5b1aceb0 .scope generate, "genblk1[33]" "genblk1[33]" 3 8, 3 8 0, S_0x55ef5b152850;
 .timescale 0 0;
P_0x55ef5b1ad0a0 .param/l "i" 0 3 8, +C4<0100001>;
L_0x55ef5b1c2010 .functor XOR 1, L_0x55ef5b1c20b0, L_0x55ef5b1c21a0, C4<0>, C4<0>;
v0x55ef5b1ad160_0 .net *"_s0", 0 0, L_0x55ef5b1c20b0;  1 drivers
v0x55ef5b1ad260_0 .net *"_s1", 0 0, L_0x55ef5b1c21a0;  1 drivers
S_0x55ef5b1ad340 .scope generate, "genblk1[34]" "genblk1[34]" 3 8, 3 8 0, S_0x55ef5b152850;
 .timescale 0 0;
P_0x55ef5b1ad530 .param/l "i" 0 3 8, +C4<0100010>;
L_0x55ef5b1c24c0 .functor XOR 1, L_0x55ef5b1c2560, L_0x55ef5b1c2650, C4<0>, C4<0>;
v0x55ef5b1ad5f0_0 .net *"_s0", 0 0, L_0x55ef5b1c2560;  1 drivers
v0x55ef5b1ad6f0_0 .net *"_s1", 0 0, L_0x55ef5b1c2650;  1 drivers
S_0x55ef5b1ad7d0 .scope generate, "genblk1[35]" "genblk1[35]" 3 8, 3 8 0, S_0x55ef5b152850;
 .timescale 0 0;
P_0x55ef5b1ad9c0 .param/l "i" 0 3 8, +C4<0100011>;
L_0x55ef5b1c2980 .functor XOR 1, L_0x55ef5b1c2a20, L_0x55ef5b1c2b10, C4<0>, C4<0>;
v0x55ef5b1ada80_0 .net *"_s0", 0 0, L_0x55ef5b1c2a20;  1 drivers
v0x55ef5b1adb80_0 .net *"_s1", 0 0, L_0x55ef5b1c2b10;  1 drivers
S_0x55ef5b1adc60 .scope generate, "genblk1[36]" "genblk1[36]" 3 8, 3 8 0, S_0x55ef5b152850;
 .timescale 0 0;
P_0x55ef5b1ade50 .param/l "i" 0 3 8, +C4<0100100>;
L_0x55ef5b1c2e50 .functor XOR 1, L_0x55ef5b1c2ef0, L_0x55ef5b1c2fe0, C4<0>, C4<0>;
v0x55ef5b1adf10_0 .net *"_s0", 0 0, L_0x55ef5b1c2ef0;  1 drivers
v0x55ef5b1ae010_0 .net *"_s1", 0 0, L_0x55ef5b1c2fe0;  1 drivers
S_0x55ef5b1ae0f0 .scope generate, "genblk1[37]" "genblk1[37]" 3 8, 3 8 0, S_0x55ef5b152850;
 .timescale 0 0;
P_0x55ef5b1ae2e0 .param/l "i" 0 3 8, +C4<0100101>;
L_0x55ef5b1c3330 .functor XOR 1, L_0x55ef5b1c33d0, L_0x55ef5b1c34c0, C4<0>, C4<0>;
v0x55ef5b1ae3a0_0 .net *"_s0", 0 0, L_0x55ef5b1c33d0;  1 drivers
v0x55ef5b1ae4a0_0 .net *"_s1", 0 0, L_0x55ef5b1c34c0;  1 drivers
S_0x55ef5b1ae580 .scope generate, "genblk1[38]" "genblk1[38]" 3 8, 3 8 0, S_0x55ef5b152850;
 .timescale 0 0;
P_0x55ef5b1ae770 .param/l "i" 0 3 8, +C4<0100110>;
L_0x55ef5b1c3820 .functor XOR 1, L_0x55ef5b1c38c0, L_0x55ef5b1c39b0, C4<0>, C4<0>;
v0x55ef5b1ae830_0 .net *"_s0", 0 0, L_0x55ef5b1c38c0;  1 drivers
v0x55ef5b1ae930_0 .net *"_s1", 0 0, L_0x55ef5b1c39b0;  1 drivers
S_0x55ef5b1aea10 .scope generate, "genblk1[39]" "genblk1[39]" 3 8, 3 8 0, S_0x55ef5b152850;
 .timescale 0 0;
P_0x55ef5b1aec00 .param/l "i" 0 3 8, +C4<0100111>;
L_0x55ef5b1c3d20 .functor XOR 1, L_0x55ef5b1c3dc0, L_0x55ef5b1c3eb0, C4<0>, C4<0>;
v0x55ef5b1aecc0_0 .net *"_s0", 0 0, L_0x55ef5b1c3dc0;  1 drivers
v0x55ef5b1aedc0_0 .net *"_s1", 0 0, L_0x55ef5b1c3eb0;  1 drivers
S_0x55ef5b1aeea0 .scope generate, "genblk1[40]" "genblk1[40]" 3 8, 3 8 0, S_0x55ef5b152850;
 .timescale 0 0;
P_0x55ef5b1af090 .param/l "i" 0 3 8, +C4<0101000>;
L_0x55ef5b1c4230 .functor XOR 1, L_0x55ef5b1c42d0, L_0x55ef5b1c43c0, C4<0>, C4<0>;
v0x55ef5b1af150_0 .net *"_s0", 0 0, L_0x55ef5b1c42d0;  1 drivers
v0x55ef5b1af250_0 .net *"_s1", 0 0, L_0x55ef5b1c43c0;  1 drivers
S_0x55ef5b1af330 .scope generate, "genblk1[41]" "genblk1[41]" 3 8, 3 8 0, S_0x55ef5b152850;
 .timescale 0 0;
P_0x55ef5b1af520 .param/l "i" 0 3 8, +C4<0101001>;
L_0x55ef5b1c4750 .functor XOR 1, L_0x55ef5b1c47f0, L_0x55ef5b1c48e0, C4<0>, C4<0>;
v0x55ef5b1af5e0_0 .net *"_s0", 0 0, L_0x55ef5b1c47f0;  1 drivers
v0x55ef5b1af6e0_0 .net *"_s1", 0 0, L_0x55ef5b1c48e0;  1 drivers
S_0x55ef5b1af7c0 .scope generate, "genblk1[42]" "genblk1[42]" 3 8, 3 8 0, S_0x55ef5b152850;
 .timescale 0 0;
P_0x55ef5b1af9b0 .param/l "i" 0 3 8, +C4<0101010>;
L_0x55ef5b1c4c80 .functor XOR 1, L_0x55ef5b1c4d20, L_0x55ef5b1c4e10, C4<0>, C4<0>;
v0x55ef5b1afa70_0 .net *"_s0", 0 0, L_0x55ef5b1c4d20;  1 drivers
v0x55ef5b1afb70_0 .net *"_s1", 0 0, L_0x55ef5b1c4e10;  1 drivers
S_0x55ef5b1afc50 .scope generate, "genblk1[43]" "genblk1[43]" 3 8, 3 8 0, S_0x55ef5b152850;
 .timescale 0 0;
P_0x55ef5b1afe40 .param/l "i" 0 3 8, +C4<0101011>;
L_0x55ef5b1c51c0 .functor XOR 1, L_0x55ef5b1c5260, L_0x55ef5b1c5350, C4<0>, C4<0>;
v0x55ef5b1aff00_0 .net *"_s0", 0 0, L_0x55ef5b1c5260;  1 drivers
v0x55ef5b1b0000_0 .net *"_s1", 0 0, L_0x55ef5b1c5350;  1 drivers
S_0x55ef5b1b00e0 .scope generate, "genblk1[44]" "genblk1[44]" 3 8, 3 8 0, S_0x55ef5b152850;
 .timescale 0 0;
P_0x55ef5b1b02d0 .param/l "i" 0 3 8, +C4<0101100>;
L_0x55ef5b1c5710 .functor XOR 1, L_0x55ef5b1c57b0, L_0x55ef5b1c58a0, C4<0>, C4<0>;
v0x55ef5b1b0390_0 .net *"_s0", 0 0, L_0x55ef5b1c57b0;  1 drivers
v0x55ef5b1b0490_0 .net *"_s1", 0 0, L_0x55ef5b1c58a0;  1 drivers
S_0x55ef5b1b0570 .scope generate, "genblk1[45]" "genblk1[45]" 3 8, 3 8 0, S_0x55ef5b152850;
 .timescale 0 0;
P_0x55ef5b1b0760 .param/l "i" 0 3 8, +C4<0101101>;
L_0x55ef5b1c5c70 .functor XOR 1, L_0x55ef5b1c5d10, L_0x55ef5b1c5e00, C4<0>, C4<0>;
v0x55ef5b1b0820_0 .net *"_s0", 0 0, L_0x55ef5b1c5d10;  1 drivers
v0x55ef5b1b0920_0 .net *"_s1", 0 0, L_0x55ef5b1c5e00;  1 drivers
S_0x55ef5b1b0a00 .scope generate, "genblk1[46]" "genblk1[46]" 3 8, 3 8 0, S_0x55ef5b152850;
 .timescale 0 0;
P_0x55ef5b1b0bf0 .param/l "i" 0 3 8, +C4<0101110>;
L_0x55ef5b1c61e0 .functor XOR 1, L_0x55ef5b1c6280, L_0x55ef5b1c6370, C4<0>, C4<0>;
v0x55ef5b1b0cb0_0 .net *"_s0", 0 0, L_0x55ef5b1c6280;  1 drivers
v0x55ef5b1b0db0_0 .net *"_s1", 0 0, L_0x55ef5b1c6370;  1 drivers
S_0x55ef5b1b0e90 .scope generate, "genblk1[47]" "genblk1[47]" 3 8, 3 8 0, S_0x55ef5b152850;
 .timescale 0 0;
P_0x55ef5b1b1080 .param/l "i" 0 3 8, +C4<0101111>;
L_0x55ef5b1c6760 .functor XOR 1, L_0x55ef5b1c6800, L_0x55ef5b1c68f0, C4<0>, C4<0>;
v0x55ef5b1b1140_0 .net *"_s0", 0 0, L_0x55ef5b1c6800;  1 drivers
v0x55ef5b1b1240_0 .net *"_s1", 0 0, L_0x55ef5b1c68f0;  1 drivers
S_0x55ef5b1b1320 .scope generate, "genblk1[48]" "genblk1[48]" 3 8, 3 8 0, S_0x55ef5b152850;
 .timescale 0 0;
P_0x55ef5b1b1510 .param/l "i" 0 3 8, +C4<0110000>;
L_0x55ef5b1c6cf0 .functor XOR 1, L_0x55ef5b1c6d90, L_0x55ef5b1c6e80, C4<0>, C4<0>;
v0x55ef5b1b15d0_0 .net *"_s0", 0 0, L_0x55ef5b1c6d90;  1 drivers
v0x55ef5b1b16d0_0 .net *"_s1", 0 0, L_0x55ef5b1c6e80;  1 drivers
S_0x55ef5b1b17b0 .scope generate, "genblk1[49]" "genblk1[49]" 3 8, 3 8 0, S_0x55ef5b152850;
 .timescale 0 0;
P_0x55ef5b1b19a0 .param/l "i" 0 3 8, +C4<0110001>;
L_0x55ef5b1c7290 .functor XOR 1, L_0x55ef5b1c7330, L_0x55ef5b1c7420, C4<0>, C4<0>;
v0x55ef5b1b1a60_0 .net *"_s0", 0 0, L_0x55ef5b1c7330;  1 drivers
v0x55ef5b1b1b60_0 .net *"_s1", 0 0, L_0x55ef5b1c7420;  1 drivers
S_0x55ef5b1b1c40 .scope generate, "genblk1[50]" "genblk1[50]" 3 8, 3 8 0, S_0x55ef5b152850;
 .timescale 0 0;
P_0x55ef5b1b1e30 .param/l "i" 0 3 8, +C4<0110010>;
L_0x55ef5b1c7840 .functor XOR 1, L_0x55ef5b1c78e0, L_0x55ef5b1c79d0, C4<0>, C4<0>;
v0x55ef5b1b1ef0_0 .net *"_s0", 0 0, L_0x55ef5b1c78e0;  1 drivers
v0x55ef5b1b1ff0_0 .net *"_s1", 0 0, L_0x55ef5b1c79d0;  1 drivers
S_0x55ef5b1b20d0 .scope generate, "genblk1[51]" "genblk1[51]" 3 8, 3 8 0, S_0x55ef5b152850;
 .timescale 0 0;
P_0x55ef5b1b22c0 .param/l "i" 0 3 8, +C4<0110011>;
L_0x55ef5b1c7e00 .functor XOR 1, L_0x55ef5b1c7ea0, L_0x55ef5b1c7f90, C4<0>, C4<0>;
v0x55ef5b1b2380_0 .net *"_s0", 0 0, L_0x55ef5b1c7ea0;  1 drivers
v0x55ef5b1b2480_0 .net *"_s1", 0 0, L_0x55ef5b1c7f90;  1 drivers
S_0x55ef5b1b2560 .scope generate, "genblk1[52]" "genblk1[52]" 3 8, 3 8 0, S_0x55ef5b152850;
 .timescale 0 0;
P_0x55ef5b1b2750 .param/l "i" 0 3 8, +C4<0110100>;
L_0x55ef5b1c83d0 .functor XOR 1, L_0x55ef5b1c8470, L_0x55ef5b1c8560, C4<0>, C4<0>;
v0x55ef5b1b2810_0 .net *"_s0", 0 0, L_0x55ef5b1c8470;  1 drivers
v0x55ef5b1b2910_0 .net *"_s1", 0 0, L_0x55ef5b1c8560;  1 drivers
S_0x55ef5b1b29f0 .scope generate, "genblk1[53]" "genblk1[53]" 3 8, 3 8 0, S_0x55ef5b152850;
 .timescale 0 0;
P_0x55ef5b1b2be0 .param/l "i" 0 3 8, +C4<0110101>;
L_0x55ef5b1c89b0 .functor XOR 1, L_0x55ef5b1c8a50, L_0x55ef5b1c8b40, C4<0>, C4<0>;
v0x55ef5b1b2ca0_0 .net *"_s0", 0 0, L_0x55ef5b1c8a50;  1 drivers
v0x55ef5b1b2da0_0 .net *"_s1", 0 0, L_0x55ef5b1c8b40;  1 drivers
S_0x55ef5b1b2e80 .scope generate, "genblk1[54]" "genblk1[54]" 3 8, 3 8 0, S_0x55ef5b152850;
 .timescale 0 0;
P_0x55ef5b1b3070 .param/l "i" 0 3 8, +C4<0110110>;
L_0x55ef5b1c8fa0 .functor XOR 1, L_0x55ef5b1c9040, L_0x55ef5b1c9130, C4<0>, C4<0>;
v0x55ef5b1b3130_0 .net *"_s0", 0 0, L_0x55ef5b1c9040;  1 drivers
v0x55ef5b1b3230_0 .net *"_s1", 0 0, L_0x55ef5b1c9130;  1 drivers
S_0x55ef5b1b3310 .scope generate, "genblk1[55]" "genblk1[55]" 3 8, 3 8 0, S_0x55ef5b152850;
 .timescale 0 0;
P_0x55ef5b1b3500 .param/l "i" 0 3 8, +C4<0110111>;
L_0x55ef5b1c95a0 .functor XOR 1, L_0x55ef5b1c9640, L_0x55ef5b1c9730, C4<0>, C4<0>;
v0x55ef5b1b35c0_0 .net *"_s0", 0 0, L_0x55ef5b1c9640;  1 drivers
v0x55ef5b1b36c0_0 .net *"_s1", 0 0, L_0x55ef5b1c9730;  1 drivers
S_0x55ef5b1b37a0 .scope generate, "genblk1[56]" "genblk1[56]" 3 8, 3 8 0, S_0x55ef5b152850;
 .timescale 0 0;
P_0x55ef5b1b3990 .param/l "i" 0 3 8, +C4<0111000>;
L_0x55ef5b1c9bb0 .functor XOR 1, L_0x55ef5b1c9c50, L_0x55ef5b1c9d40, C4<0>, C4<0>;
v0x55ef5b1b3a50_0 .net *"_s0", 0 0, L_0x55ef5b1c9c50;  1 drivers
v0x55ef5b1b3b50_0 .net *"_s1", 0 0, L_0x55ef5b1c9d40;  1 drivers
S_0x55ef5b1b3c30 .scope generate, "genblk1[57]" "genblk1[57]" 3 8, 3 8 0, S_0x55ef5b152850;
 .timescale 0 0;
P_0x55ef5b1b3e20 .param/l "i" 0 3 8, +C4<0111001>;
L_0x55ef5b1ca1d0 .functor XOR 1, L_0x55ef5b1ca270, L_0x55ef5b1ca360, C4<0>, C4<0>;
v0x55ef5b1b3ee0_0 .net *"_s0", 0 0, L_0x55ef5b1ca270;  1 drivers
v0x55ef5b1b3fe0_0 .net *"_s1", 0 0, L_0x55ef5b1ca360;  1 drivers
S_0x55ef5b1b40c0 .scope generate, "genblk1[58]" "genblk1[58]" 3 8, 3 8 0, S_0x55ef5b152850;
 .timescale 0 0;
P_0x55ef5b1b42b0 .param/l "i" 0 3 8, +C4<0111010>;
L_0x55ef5b1ca800 .functor XOR 1, L_0x55ef5b1ca8a0, L_0x55ef5b1ca990, C4<0>, C4<0>;
v0x55ef5b1b4370_0 .net *"_s0", 0 0, L_0x55ef5b1ca8a0;  1 drivers
v0x55ef5b1b4470_0 .net *"_s1", 0 0, L_0x55ef5b1ca990;  1 drivers
S_0x55ef5b1b4550 .scope generate, "genblk1[59]" "genblk1[59]" 3 8, 3 8 0, S_0x55ef5b152850;
 .timescale 0 0;
P_0x55ef5b1b4740 .param/l "i" 0 3 8, +C4<0111011>;
L_0x55ef5b1cae40 .functor XOR 1, L_0x55ef5b1caee0, L_0x55ef5b1cafd0, C4<0>, C4<0>;
v0x55ef5b1b4800_0 .net *"_s0", 0 0, L_0x55ef5b1caee0;  1 drivers
v0x55ef5b1b4900_0 .net *"_s1", 0 0, L_0x55ef5b1cafd0;  1 drivers
S_0x55ef5b1b49e0 .scope generate, "genblk1[60]" "genblk1[60]" 3 8, 3 8 0, S_0x55ef5b152850;
 .timescale 0 0;
P_0x55ef5b1b4bd0 .param/l "i" 0 3 8, +C4<0111100>;
L_0x55ef5b1cb490 .functor XOR 1, L_0x55ef5b1cb530, L_0x55ef5b1cb620, C4<0>, C4<0>;
v0x55ef5b1b4c90_0 .net *"_s0", 0 0, L_0x55ef5b1cb530;  1 drivers
v0x55ef5b1b4d90_0 .net *"_s1", 0 0, L_0x55ef5b1cb620;  1 drivers
S_0x55ef5b1b4e70 .scope generate, "genblk1[61]" "genblk1[61]" 3 8, 3 8 0, S_0x55ef5b152850;
 .timescale 0 0;
P_0x55ef5b1b5060 .param/l "i" 0 3 8, +C4<0111101>;
L_0x55ef5b1cbaf0 .functor XOR 1, L_0x55ef5b1cbb90, L_0x55ef5b1cbc80, C4<0>, C4<0>;
v0x55ef5b1b5120_0 .net *"_s0", 0 0, L_0x55ef5b1cbb90;  1 drivers
v0x55ef5b1b5220_0 .net *"_s1", 0 0, L_0x55ef5b1cbc80;  1 drivers
S_0x55ef5b1b5300 .scope generate, "genblk1[62]" "genblk1[62]" 3 8, 3 8 0, S_0x55ef5b152850;
 .timescale 0 0;
P_0x55ef5b1b54f0 .param/l "i" 0 3 8, +C4<0111110>;
L_0x55ef5b1cc160 .functor XOR 1, L_0x55ef5b1cc200, L_0x55ef5b1ccb00, C4<0>, C4<0>;
v0x55ef5b1b55b0_0 .net *"_s0", 0 0, L_0x55ef5b1cc200;  1 drivers
v0x55ef5b1b56b0_0 .net *"_s1", 0 0, L_0x55ef5b1ccb00;  1 drivers
S_0x55ef5b1b5790 .scope generate, "genblk1[63]" "genblk1[63]" 3 8, 3 8 0, S_0x55ef5b152850;
 .timescale 0 0;
P_0x55ef5b1b5980 .param/l "i" 0 3 8, +C4<0111111>;
L_0x55ef5b1ceca0 .functor XOR 1, L_0x55ef5b1ced60, L_0x55ef5b1cf260, C4<0>, C4<0>;
v0x55ef5b1b5a40_0 .net *"_s0", 0 0, L_0x55ef5b1ced60;  1 drivers
v0x55ef5b1b5b40_0 .net *"_s1", 0 0, L_0x55ef5b1cf260;  1 drivers
    .scope S_0x55ef5b1526d0;
T_0 ;
    %vpi_call 2 11 "$dumpfile", "Xor_test.vcd" {0 0 0};
    %vpi_call 2 12 "$dumpvars", 32'sb00000000000000000000000000000000, S_0x55ef5b1526d0 {0 0 0};
    %vpi_call 2 13 "$monitor", "       a=%b\012       b=%b\012  output=%b\012", v0x55ef5b1b9db0_0, v0x55ef5b1b9e70_0, v0x55ef5b1b9f40_0 {0 0 0};
    %pushi/vec4 19, 0, 64;
    %store/vec4 v0x55ef5b1b9db0_0, 0, 64;
    %pushi/vec4 10, 0, 64;
    %store/vec4 v0x55ef5b1b9e70_0, 0, 64;
    %delay 50, 0;
    %pushi/vec4 1391790, 0, 64;
    %store/vec4 v0x55ef5b1b9db0_0, 0, 64;
    %pushi/vec4 22005, 0, 64;
    %store/vec4 v0x55ef5b1b9e70_0, 0, 64;
    %delay 50, 0;
    %pushi/vec4 30785, 0, 64;
    %store/vec4 v0x55ef5b1b9db0_0, 0, 64;
    %pushi/vec4 7255, 0, 64;
    %store/vec4 v0x55ef5b1b9e70_0, 0, 64;
    %delay 50, 0;
    %pushi/vec4 31461255, 0, 64;
    %store/vec4 v0x55ef5b1b9db0_0, 0, 64;
    %pushi/vec4 16455, 0, 64;
    %store/vec4 v0x55ef5b1b9e70_0, 0, 64;
    %delay 50, 0;
    %pushi/vec4 4117885439, 0, 32;
    %concati/vec4 2178969809, 0, 32;
    %store/vec4 v0x55ef5b1b9db0_0, 0, 64;
    %pushi/vec4 4294966208, 0, 32;
    %concati/vec4 3812856, 0, 32;
    %store/vec4 v0x55ef5b1b9e70_0, 0, 64;
    %delay 50, 0;
    %end;
    .thread T_0;
# The file index is used to find the file name in the following table.
:file_names 4;
    "N/A";
    "<interactive>";
    "xor_tb.v";
    "xor64.v";
