#! /usr/bin/vvp
:ivl_version "10.3 (stable)";
:ivl_delay_selection "TYPICAL";
:vpi_time_precision + 0;
:vpi_module "system";
:vpi_module "vhdl_sys";
:vpi_module "v2005_math";
:vpi_module "va_math";
S_0x55d111b536d0 .scope module, "and_tb" "and_tb" 2 1;
 .timescale 0 0;
v0x55d111bbadb0_0 .var/s "a", 63 0;
v0x55d111bbae70_0 .var/s "b", 63 0;
v0x55d111bbaf40_0 .net/s "out", 63 0, L_0x55d111bce800;  1 drivers
S_0x55d111b53850 .scope module, "and_module" "and64" 2 7, 3 1 0, S_0x55d111b536d0;
 .timescale 0 0;
    .port_info 0 /OUTPUT 64 "out"
    .port_info 1 /INPUT 64 "a"
    .port_info 2 /INPUT 64 "b"
v0x55d111bb6c20_0 .net *"_s0", 0 0, L_0x55d111bbb040;  1 drivers
v0x55d111bb6d20_0 .net *"_s100", 0 0, L_0x55d111bc04b0;  1 drivers
v0x55d111bb6e00_0 .net *"_s104", 0 0, L_0x55d111bc08e0;  1 drivers
v0x55d111bb6ec0_0 .net *"_s108", 0 0, L_0x55d111bc0d20;  1 drivers
v0x55d111bb6fa0_0 .net *"_s112", 0 0, L_0x55d111bc1170;  1 drivers
v0x55d111bb70d0_0 .net *"_s116", 0 0, L_0x55d111bc15d0;  1 drivers
v0x55d111bb71b0_0 .net *"_s12", 0 0, L_0x55d111bbb830;  1 drivers
v0x55d111bb7290_0 .net *"_s120", 0 0, L_0x55d111bc1a40;  1 drivers
v0x55d111bb7370_0 .net *"_s124", 0 0, L_0x55d111bc26e0;  1 drivers
v0x55d111bb7450_0 .net *"_s128", 0 0, L_0x55d111bc2b40;  1 drivers
v0x55d111bb7530_0 .net *"_s132", 0 0, L_0x55d111bc3010;  1 drivers
v0x55d111bb7610_0 .net *"_s136", 0 0, L_0x55d111bc34c0;  1 drivers
v0x55d111bb76f0_0 .net *"_s140", 0 0, L_0x55d111bc3980;  1 drivers
v0x55d111bb77d0_0 .net *"_s144", 0 0, L_0x55d111bc3e50;  1 drivers
v0x55d111bb78b0_0 .net *"_s148", 0 0, L_0x55d111bc4330;  1 drivers
v0x55d111bb7990_0 .net *"_s152", 0 0, L_0x55d111bc4820;  1 drivers
v0x55d111bb7a70_0 .net *"_s156", 0 0, L_0x55d111bc4d20;  1 drivers
v0x55d111bb7b50_0 .net *"_s16", 0 0, L_0x55d111bbba80;  1 drivers
v0x55d111bb7c30_0 .net *"_s160", 0 0, L_0x55d111bc5230;  1 drivers
v0x55d111bb7d10_0 .net *"_s164", 0 0, L_0x55d111bc5750;  1 drivers
v0x55d111bb7df0_0 .net *"_s168", 0 0, L_0x55d111bc5c80;  1 drivers
v0x55d111bb7ed0_0 .net *"_s172", 0 0, L_0x55d111bc61c0;  1 drivers
v0x55d111bb7fb0_0 .net *"_s176", 0 0, L_0x55d111bc6710;  1 drivers
v0x55d111bb8090_0 .net *"_s180", 0 0, L_0x55d111bc6c70;  1 drivers
v0x55d111bb8170_0 .net *"_s184", 0 0, L_0x55d111bc71e0;  1 drivers
v0x55d111bb8250_0 .net *"_s188", 0 0, L_0x55d111bc7760;  1 drivers
v0x55d111bb8330_0 .net *"_s192", 0 0, L_0x55d111bc7cf0;  1 drivers
v0x55d111bb8410_0 .net *"_s196", 0 0, L_0x55d111bc8290;  1 drivers
v0x55d111bb84f0_0 .net *"_s20", 0 0, L_0x55d111bbbd60;  1 drivers
v0x55d111bb85d0_0 .net *"_s200", 0 0, L_0x55d111bc8840;  1 drivers
v0x55d111bb86b0_0 .net *"_s204", 0 0, L_0x55d111bc8e00;  1 drivers
v0x55d111bb8790_0 .net *"_s208", 0 0, L_0x55d111bc93d0;  1 drivers
v0x55d111bb8870_0 .net *"_s212", 0 0, L_0x55d111bc99b0;  1 drivers
v0x55d111bb8b60_0 .net *"_s216", 0 0, L_0x55d111bc9fa0;  1 drivers
v0x55d111bb8c40_0 .net *"_s220", 0 0, L_0x55d111bca5a0;  1 drivers
v0x55d111bb8d20_0 .net *"_s224", 0 0, L_0x55d111bcabb0;  1 drivers
v0x55d111bb8e00_0 .net *"_s228", 0 0, L_0x55d111bcb1d0;  1 drivers
v0x55d111bb8ee0_0 .net *"_s232", 0 0, L_0x55d111bcb800;  1 drivers
v0x55d111bb8fc0_0 .net *"_s236", 0 0, L_0x55d111bcbe40;  1 drivers
v0x55d111bb90a0_0 .net *"_s24", 0 0, L_0x55d111bbc000;  1 drivers
v0x55d111bb9180_0 .net *"_s240", 0 0, L_0x55d111bcc490;  1 drivers
v0x55d111bb9260_0 .net *"_s244", 0 0, L_0x55d111bccaf0;  1 drivers
v0x55d111bb9340_0 .net *"_s248", 0 0, L_0x55d111bcd160;  1 drivers
v0x55d111bb9420_0 .net *"_s252", 0 0, L_0x55d111bcfca0;  1 drivers
v0x55d111bb9500_0 .net *"_s28", 0 0, L_0x55d111bbbf90;  1 drivers
v0x55d111bb95e0_0 .net *"_s32", 0 0, L_0x55d111bbc5a0;  1 drivers
v0x55d111bb96c0_0 .net *"_s36", 0 0, L_0x55d111bbc8c0;  1 drivers
v0x55d111bb97a0_0 .net *"_s4", 0 0, L_0x55d111bbb370;  1 drivers
v0x55d111bb9880_0 .net *"_s40", 0 0, L_0x55d111bbcbf0;  1 drivers
v0x55d111bb9960_0 .net *"_s44", 0 0, L_0x55d111bbce90;  1 drivers
v0x55d111bb9a40_0 .net *"_s48", 0 0, L_0x55d111bbd1e0;  1 drivers
v0x55d111bb9b20_0 .net *"_s52", 0 0, L_0x55d111bbd540;  1 drivers
v0x55d111bb9c00_0 .net *"_s56", 0 0, L_0x55d111bbd8b0;  1 drivers
v0x55d111bb9ce0_0 .net *"_s60", 0 0, L_0x55d111bbde40;  1 drivers
v0x55d111bb9dc0_0 .net *"_s64", 0 0, L_0x55d111bbe1d0;  1 drivers
v0x55d111bb9ea0_0 .net *"_s68", 0 0, L_0x55d111bbe570;  1 drivers
v0x55d111bb9f80_0 .net *"_s72", 0 0, L_0x55d111bbe920;  1 drivers
v0x55d111bba060_0 .net *"_s76", 0 0, L_0x55d111bbece0;  1 drivers
v0x55d111bba140_0 .net *"_s8", 0 0, L_0x55d111bbb5f0;  1 drivers
v0x55d111bba220_0 .net *"_s80", 0 0, L_0x55d111bbf0b0;  1 drivers
v0x55d111bba300_0 .net *"_s84", 0 0, L_0x55d111bbf490;  1 drivers
v0x55d111bba3e0_0 .net *"_s88", 0 0, L_0x55d111bbf880;  1 drivers
v0x55d111bba4c0_0 .net *"_s92", 0 0, L_0x55d111bbfc80;  1 drivers
v0x55d111bba5a0_0 .net *"_s96", 0 0, L_0x55d111bc0090;  1 drivers
v0x55d111bba680_0 .net/s "a", 63 0, v0x55d111bbadb0_0;  1 drivers
v0x55d111bbab70_0 .net/s "b", 63 0, v0x55d111bbae70_0;  1 drivers
v0x55d111bbac50_0 .net/s "out", 63 0, L_0x55d111bce800;  alias, 1 drivers
L_0x55d111bbb140 .part v0x55d111bbadb0_0, 0, 1;
L_0x55d111bbb230 .part v0x55d111bbae70_0, 0, 1;
L_0x55d111bbb3e0 .part v0x55d111bbadb0_0, 1, 1;
L_0x55d111bbb4d0 .part v0x55d111bbae70_0, 1, 1;
L_0x55d111bbb660 .part v0x55d111bbadb0_0, 2, 1;
L_0x55d111bbb750 .part v0x55d111bbae70_0, 2, 1;
L_0x55d111bbb8a0 .part v0x55d111bbadb0_0, 3, 1;
L_0x55d111bbb940 .part v0x55d111bbae70_0, 3, 1;
L_0x55d111bbbb20 .part v0x55d111bbadb0_0, 4, 1;
L_0x55d111bbbc10 .part v0x55d111bbae70_0, 4, 1;
L_0x55d111bbbe00 .part v0x55d111bbadb0_0, 5, 1;
L_0x55d111bbbea0 .part v0x55d111bbae70_0, 5, 1;
L_0x55d111bbc0a0 .part v0x55d111bbadb0_0, 6, 1;
L_0x55d111bbc190 .part v0x55d111bbae70_0, 6, 1;
L_0x55d111bbc330 .part v0x55d111bbadb0_0, 7, 1;
L_0x55d111bbc420 .part v0x55d111bbae70_0, 7, 1;
L_0x55d111bbc640 .part v0x55d111bbadb0_0, 8, 1;
L_0x55d111bbc730 .part v0x55d111bbae70_0, 8, 1;
L_0x55d111bbc960 .part v0x55d111bbadb0_0, 9, 1;
L_0x55d111bbca50 .part v0x55d111bbae70_0, 9, 1;
L_0x55d111bbc820 .part v0x55d111bbadb0_0, 10, 1;
L_0x55d111bbcce0 .part v0x55d111bbae70_0, 10, 1;
L_0x55d111bbcf30 .part v0x55d111bbadb0_0, 11, 1;
L_0x55d111bbd020 .part v0x55d111bbae70_0, 11, 1;
L_0x55d111bbd280 .part v0x55d111bbadb0_0, 12, 1;
L_0x55d111bbd370 .part v0x55d111bbae70_0, 12, 1;
L_0x55d111bbd5e0 .part v0x55d111bbadb0_0, 13, 1;
L_0x55d111bbd6d0 .part v0x55d111bbae70_0, 13, 1;
L_0x55d111bbd950 .part v0x55d111bbadb0_0, 14, 1;
L_0x55d111bbda40 .part v0x55d111bbae70_0, 14, 1;
L_0x55d111bbdee0 .part v0x55d111bbadb0_0, 15, 1;
L_0x55d111bbdfd0 .part v0x55d111bbae70_0, 15, 1;
L_0x55d111bbe270 .part v0x55d111bbadb0_0, 16, 1;
L_0x55d111bbe360 .part v0x55d111bbae70_0, 16, 1;
L_0x55d111bbe610 .part v0x55d111bbadb0_0, 17, 1;
L_0x55d111bbe700 .part v0x55d111bbae70_0, 17, 1;
L_0x55d111bbe9c0 .part v0x55d111bbadb0_0, 18, 1;
L_0x55d111bbeab0 .part v0x55d111bbae70_0, 18, 1;
L_0x55d111bbed80 .part v0x55d111bbadb0_0, 19, 1;
L_0x55d111bbee70 .part v0x55d111bbae70_0, 19, 1;
L_0x55d111bbf150 .part v0x55d111bbadb0_0, 20, 1;
L_0x55d111bbf240 .part v0x55d111bbae70_0, 20, 1;
L_0x55d111bbf530 .part v0x55d111bbadb0_0, 21, 1;
L_0x55d111bbf620 .part v0x55d111bbae70_0, 21, 1;
L_0x55d111bbf920 .part v0x55d111bbadb0_0, 22, 1;
L_0x55d111bbfa10 .part v0x55d111bbae70_0, 22, 1;
L_0x55d111bbfd20 .part v0x55d111bbadb0_0, 23, 1;
L_0x55d111bbfe10 .part v0x55d111bbae70_0, 23, 1;
L_0x55d111bc0130 .part v0x55d111bbadb0_0, 24, 1;
L_0x55d111bc0220 .part v0x55d111bbae70_0, 24, 1;
L_0x55d111bc0550 .part v0x55d111bbadb0_0, 25, 1;
L_0x55d111bc0640 .part v0x55d111bbae70_0, 25, 1;
L_0x55d111bc0980 .part v0x55d111bbadb0_0, 26, 1;
L_0x55d111bc0a70 .part v0x55d111bbae70_0, 26, 1;
L_0x55d111bc0dc0 .part v0x55d111bbadb0_0, 27, 1;
L_0x55d111bc0eb0 .part v0x55d111bbae70_0, 27, 1;
L_0x55d111bc1210 .part v0x55d111bbadb0_0, 28, 1;
L_0x55d111bc1300 .part v0x55d111bbae70_0, 28, 1;
L_0x55d111bc1670 .part v0x55d111bbadb0_0, 29, 1;
L_0x55d111bc1760 .part v0x55d111bbae70_0, 29, 1;
L_0x55d111bc1ae0 .part v0x55d111bbadb0_0, 30, 1;
L_0x55d111bc1fe0 .part v0x55d111bbae70_0, 30, 1;
L_0x55d111bc2750 .part v0x55d111bbadb0_0, 31, 1;
L_0x55d111bc2840 .part v0x55d111bbae70_0, 31, 1;
L_0x55d111bc2c10 .part v0x55d111bbadb0_0, 32, 1;
L_0x55d111bc2d00 .part v0x55d111bbae70_0, 32, 1;
L_0x55d111bc30b0 .part v0x55d111bbadb0_0, 33, 1;
L_0x55d111bc31a0 .part v0x55d111bbae70_0, 33, 1;
L_0x55d111bc3560 .part v0x55d111bbadb0_0, 34, 1;
L_0x55d111bc3650 .part v0x55d111bbae70_0, 34, 1;
L_0x55d111bc3a20 .part v0x55d111bbadb0_0, 35, 1;
L_0x55d111bc3b10 .part v0x55d111bbae70_0, 35, 1;
L_0x55d111bc3ef0 .part v0x55d111bbadb0_0, 36, 1;
L_0x55d111bc3fe0 .part v0x55d111bbae70_0, 36, 1;
L_0x55d111bc43d0 .part v0x55d111bbadb0_0, 37, 1;
L_0x55d111bc44c0 .part v0x55d111bbae70_0, 37, 1;
L_0x55d111bc48c0 .part v0x55d111bbadb0_0, 38, 1;
L_0x55d111bc49b0 .part v0x55d111bbae70_0, 38, 1;
L_0x55d111bc4dc0 .part v0x55d111bbadb0_0, 39, 1;
L_0x55d111bc4eb0 .part v0x55d111bbae70_0, 39, 1;
L_0x55d111bc52d0 .part v0x55d111bbadb0_0, 40, 1;
L_0x55d111bc53c0 .part v0x55d111bbae70_0, 40, 1;
L_0x55d111bc57f0 .part v0x55d111bbadb0_0, 41, 1;
L_0x55d111bc58e0 .part v0x55d111bbae70_0, 41, 1;
L_0x55d111bc5d20 .part v0x55d111bbadb0_0, 42, 1;
L_0x55d111bc5e10 .part v0x55d111bbae70_0, 42, 1;
L_0x55d111bc6260 .part v0x55d111bbadb0_0, 43, 1;
L_0x55d111bc6350 .part v0x55d111bbae70_0, 43, 1;
L_0x55d111bc67b0 .part v0x55d111bbadb0_0, 44, 1;
L_0x55d111bc68a0 .part v0x55d111bbae70_0, 44, 1;
L_0x55d111bc6d10 .part v0x55d111bbadb0_0, 45, 1;
L_0x55d111bc6e00 .part v0x55d111bbae70_0, 45, 1;
L_0x55d111bc7280 .part v0x55d111bbadb0_0, 46, 1;
L_0x55d111bc7370 .part v0x55d111bbae70_0, 46, 1;
L_0x55d111bc7800 .part v0x55d111bbadb0_0, 47, 1;
L_0x55d111bc78f0 .part v0x55d111bbae70_0, 47, 1;
L_0x55d111bc7d90 .part v0x55d111bbadb0_0, 48, 1;
L_0x55d111bc7e80 .part v0x55d111bbae70_0, 48, 1;
L_0x55d111bc8330 .part v0x55d111bbadb0_0, 49, 1;
L_0x55d111bc8420 .part v0x55d111bbae70_0, 49, 1;
L_0x55d111bc88e0 .part v0x55d111bbadb0_0, 50, 1;
L_0x55d111bc89d0 .part v0x55d111bbae70_0, 50, 1;
L_0x55d111bc8ea0 .part v0x55d111bbadb0_0, 51, 1;
L_0x55d111bc8f90 .part v0x55d111bbae70_0, 51, 1;
L_0x55d111bc9470 .part v0x55d111bbadb0_0, 52, 1;
L_0x55d111bc9560 .part v0x55d111bbae70_0, 52, 1;
L_0x55d111bc9a50 .part v0x55d111bbadb0_0, 53, 1;
L_0x55d111bc9b40 .part v0x55d111bbae70_0, 53, 1;
L_0x55d111bca040 .part v0x55d111bbadb0_0, 54, 1;
L_0x55d111bca130 .part v0x55d111bbae70_0, 54, 1;
L_0x55d111bca640 .part v0x55d111bbadb0_0, 55, 1;
L_0x55d111bca730 .part v0x55d111bbae70_0, 55, 1;
L_0x55d111bcac50 .part v0x55d111bbadb0_0, 56, 1;
L_0x55d111bcad40 .part v0x55d111bbae70_0, 56, 1;
L_0x55d111bcb270 .part v0x55d111bbadb0_0, 57, 1;
L_0x55d111bcb360 .part v0x55d111bbae70_0, 57, 1;
L_0x55d111bcb8a0 .part v0x55d111bbadb0_0, 58, 1;
L_0x55d111bcb990 .part v0x55d111bbae70_0, 58, 1;
L_0x55d111bcbee0 .part v0x55d111bbadb0_0, 59, 1;
L_0x55d111bcbfd0 .part v0x55d111bbae70_0, 59, 1;
L_0x55d111bcc530 .part v0x55d111bbadb0_0, 60, 1;
L_0x55d111bcc620 .part v0x55d111bbae70_0, 60, 1;
L_0x55d111bccb90 .part v0x55d111bbadb0_0, 61, 1;
L_0x55d111bccc80 .part v0x55d111bbae70_0, 61, 1;
L_0x55d111bcd200 .part v0x55d111bbadb0_0, 62, 1;
L_0x55d111bcdb00 .part v0x55d111bbae70_0, 62, 1;
LS_0x55d111bce800_0_0 .concat8 [ 1 1 1 1], L_0x55d111bbb040, L_0x55d111bbb370, L_0x55d111bbb5f0, L_0x55d111bbb830;
LS_0x55d111bce800_0_4 .concat8 [ 1 1 1 1], L_0x55d111bbba80, L_0x55d111bbbd60, L_0x55d111bbc000, L_0x55d111bbbf90;
LS_0x55d111bce800_0_8 .concat8 [ 1 1 1 1], L_0x55d111bbc5a0, L_0x55d111bbc8c0, L_0x55d111bbcbf0, L_0x55d111bbce90;
LS_0x55d111bce800_0_12 .concat8 [ 1 1 1 1], L_0x55d111bbd1e0, L_0x55d111bbd540, L_0x55d111bbd8b0, L_0x55d111bbde40;
LS_0x55d111bce800_0_16 .concat8 [ 1 1 1 1], L_0x55d111bbe1d0, L_0x55d111bbe570, L_0x55d111bbe920, L_0x55d111bbece0;
LS_0x55d111bce800_0_20 .concat8 [ 1 1 1 1], L_0x55d111bbf0b0, L_0x55d111bbf490, L_0x55d111bbf880, L_0x55d111bbfc80;
LS_0x55d111bce800_0_24 .concat8 [ 1 1 1 1], L_0x55d111bc0090, L_0x55d111bc04b0, L_0x55d111bc08e0, L_0x55d111bc0d20;
LS_0x55d111bce800_0_28 .concat8 [ 1 1 1 1], L_0x55d111bc1170, L_0x55d111bc15d0, L_0x55d111bc1a40, L_0x55d111bc26e0;
LS_0x55d111bce800_0_32 .concat8 [ 1 1 1 1], L_0x55d111bc2b40, L_0x55d111bc3010, L_0x55d111bc34c0, L_0x55d111bc3980;
LS_0x55d111bce800_0_36 .concat8 [ 1 1 1 1], L_0x55d111bc3e50, L_0x55d111bc4330, L_0x55d111bc4820, L_0x55d111bc4d20;
LS_0x55d111bce800_0_40 .concat8 [ 1 1 1 1], L_0x55d111bc5230, L_0x55d111bc5750, L_0x55d111bc5c80, L_0x55d111bc61c0;
LS_0x55d111bce800_0_44 .concat8 [ 1 1 1 1], L_0x55d111bc6710, L_0x55d111bc6c70, L_0x55d111bc71e0, L_0x55d111bc7760;
LS_0x55d111bce800_0_48 .concat8 [ 1 1 1 1], L_0x55d111bc7cf0, L_0x55d111bc8290, L_0x55d111bc8840, L_0x55d111bc8e00;
LS_0x55d111bce800_0_52 .concat8 [ 1 1 1 1], L_0x55d111bc93d0, L_0x55d111bc99b0, L_0x55d111bc9fa0, L_0x55d111bca5a0;
LS_0x55d111bce800_0_56 .concat8 [ 1 1 1 1], L_0x55d111bcabb0, L_0x55d111bcb1d0, L_0x55d111bcb800, L_0x55d111bcbe40;
LS_0x55d111bce800_0_60 .concat8 [ 1 1 1 1], L_0x55d111bcc490, L_0x55d111bccaf0, L_0x55d111bcd160, L_0x55d111bcfca0;
LS_0x55d111bce800_1_0 .concat8 [ 4 4 4 4], LS_0x55d111bce800_0_0, LS_0x55d111bce800_0_4, LS_0x55d111bce800_0_8, LS_0x55d111bce800_0_12;
LS_0x55d111bce800_1_4 .concat8 [ 4 4 4 4], LS_0x55d111bce800_0_16, LS_0x55d111bce800_0_20, LS_0x55d111bce800_0_24, LS_0x55d111bce800_0_28;
LS_0x55d111bce800_1_8 .concat8 [ 4 4 4 4], LS_0x55d111bce800_0_32, LS_0x55d111bce800_0_36, LS_0x55d111bce800_0_40, LS_0x55d111bce800_0_44;
LS_0x55d111bce800_1_12 .concat8 [ 4 4 4 4], LS_0x55d111bce800_0_48, LS_0x55d111bce800_0_52, LS_0x55d111bce800_0_56, LS_0x55d111bce800_0_60;
L_0x55d111bce800 .concat8 [ 16 16 16 16], LS_0x55d111bce800_1_0, LS_0x55d111bce800_1_4, LS_0x55d111bce800_1_8, LS_0x55d111bce800_1_12;
L_0x55d111bcfd60 .part v0x55d111bbadb0_0, 63, 1;
L_0x55d111bd0260 .part v0x55d111bbae70_0, 63, 1;
S_0x55d111b1d030 .scope generate, "genblk1[0]" "genblk1[0]" 3 8, 3 8 0, S_0x55d111b53850;
 .timescale 0 0;
P_0x55d111b64b70 .param/l "i" 0 3 8, +C4<00>;
L_0x55d111bbb040 .functor AND 1, L_0x55d111bbb140, L_0x55d111bbb230, C4<1>, C4<1>;
v0x55d111b67ee0_0 .net *"_s0", 0 0, L_0x55d111bbb140;  1 drivers
v0x55d111b67330_0 .net *"_s1", 0 0, L_0x55d111bbb230;  1 drivers
S_0x55d111ba51f0 .scope generate, "genblk1[1]" "genblk1[1]" 3 8, 3 8 0, S_0x55d111b53850;
 .timescale 0 0;
P_0x55d111b5d690 .param/l "i" 0 3 8, +C4<01>;
L_0x55d111bbb370 .functor AND 1, L_0x55d111bbb3e0, L_0x55d111bbb4d0, C4<1>, C4<1>;
v0x55d111b615b0_0 .net *"_s0", 0 0, L_0x55d111bbb3e0;  1 drivers
v0x55d111b58970_0 .net *"_s1", 0 0, L_0x55d111bbb4d0;  1 drivers
S_0x55d111ba54a0 .scope generate, "genblk1[2]" "genblk1[2]" 3 8, 3 8 0, S_0x55d111b53850;
 .timescale 0 0;
P_0x55d111b5edf0 .param/l "i" 0 3 8, +C4<010>;
L_0x55d111bbb5f0 .functor AND 1, L_0x55d111bbb660, L_0x55d111bbb750, C4<1>, C4<1>;
v0x55d111b57dc0_0 .net *"_s0", 0 0, L_0x55d111bbb660;  1 drivers
v0x55d111b57280_0 .net *"_s1", 0 0, L_0x55d111bbb750;  1 drivers
S_0x55d111ba5760 .scope generate, "genblk1[3]" "genblk1[3]" 3 8, 3 8 0, S_0x55d111b53850;
 .timescale 0 0;
P_0x55d111b65720 .param/l "i" 0 3 8, +C4<011>;
L_0x55d111bbb830 .functor AND 1, L_0x55d111bbb8a0, L_0x55d111bbb940, C4<1>, C4<1>;
v0x55d111b515b0_0 .net *"_s0", 0 0, L_0x55d111bbb8a0;  1 drivers
v0x55d111ba59d0_0 .net *"_s1", 0 0, L_0x55d111bbb940;  1 drivers
S_0x55d111ba5ab0 .scope generate, "genblk1[4]" "genblk1[4]" 3 8, 3 8 0, S_0x55d111b53850;
 .timescale 0 0;
P_0x55d111ba5ca0 .param/l "i" 0 3 8, +C4<0100>;
L_0x55d111bbba80 .functor AND 1, L_0x55d111bbbb20, L_0x55d111bbbc10, C4<1>, C4<1>;
v0x55d111ba5d80_0 .net *"_s0", 0 0, L_0x55d111bbbb20;  1 drivers
v0x55d111ba5e60_0 .net *"_s1", 0 0, L_0x55d111bbbc10;  1 drivers
S_0x55d111ba5f40 .scope generate, "genblk1[5]" "genblk1[5]" 3 8, 3 8 0, S_0x55d111b53850;
 .timescale 0 0;
P_0x55d111ba6130 .param/l "i" 0 3 8, +C4<0101>;
L_0x55d111bbbd60 .functor AND 1, L_0x55d111bbbe00, L_0x55d111bbbea0, C4<1>, C4<1>;
v0x55d111ba6210_0 .net *"_s0", 0 0, L_0x55d111bbbe00;  1 drivers
v0x55d111ba62f0_0 .net *"_s1", 0 0, L_0x55d111bbbea0;  1 drivers
S_0x55d111ba63d0 .scope generate, "genblk1[6]" "genblk1[6]" 3 8, 3 8 0, S_0x55d111b53850;
 .timescale 0 0;
P_0x55d111ba65c0 .param/l "i" 0 3 8, +C4<0110>;
L_0x55d111bbc000 .functor AND 1, L_0x55d111bbc0a0, L_0x55d111bbc190, C4<1>, C4<1>;
v0x55d111ba66a0_0 .net *"_s0", 0 0, L_0x55d111bbc0a0;  1 drivers
v0x55d111ba6780_0 .net *"_s1", 0 0, L_0x55d111bbc190;  1 drivers
S_0x55d111ba6860 .scope generate, "genblk1[7]" "genblk1[7]" 3 8, 3 8 0, S_0x55d111b53850;
 .timescale 0 0;
P_0x55d111ba6a50 .param/l "i" 0 3 8, +C4<0111>;
L_0x55d111bbbf90 .functor AND 1, L_0x55d111bbc330, L_0x55d111bbc420, C4<1>, C4<1>;
v0x55d111ba6b30_0 .net *"_s0", 0 0, L_0x55d111bbc330;  1 drivers
v0x55d111ba6c10_0 .net *"_s1", 0 0, L_0x55d111bbc420;  1 drivers
S_0x55d111ba6cf0 .scope generate, "genblk1[8]" "genblk1[8]" 3 8, 3 8 0, S_0x55d111b53850;
 .timescale 0 0;
P_0x55d111ba5c50 .param/l "i" 0 3 8, +C4<01000>;
L_0x55d111bbc5a0 .functor AND 1, L_0x55d111bbc640, L_0x55d111bbc730, C4<1>, C4<1>;
v0x55d111ba6f70_0 .net *"_s0", 0 0, L_0x55d111bbc640;  1 drivers
v0x55d111ba7050_0 .net *"_s1", 0 0, L_0x55d111bbc730;  1 drivers
S_0x55d111ba7130 .scope generate, "genblk1[9]" "genblk1[9]" 3 8, 3 8 0, S_0x55d111b53850;
 .timescale 0 0;
P_0x55d111ba7320 .param/l "i" 0 3 8, +C4<01001>;
L_0x55d111bbc8c0 .functor AND 1, L_0x55d111bbc960, L_0x55d111bbca50, C4<1>, C4<1>;
v0x55d111ba7400_0 .net *"_s0", 0 0, L_0x55d111bbc960;  1 drivers
v0x55d111ba74e0_0 .net *"_s1", 0 0, L_0x55d111bbca50;  1 drivers
S_0x55d111ba75c0 .scope generate, "genblk1[10]" "genblk1[10]" 3 8, 3 8 0, S_0x55d111b53850;
 .timescale 0 0;
P_0x55d111ba77b0 .param/l "i" 0 3 8, +C4<01010>;
L_0x55d111bbcbf0 .functor AND 1, L_0x55d111bbc820, L_0x55d111bbcce0, C4<1>, C4<1>;
v0x55d111ba7890_0 .net *"_s0", 0 0, L_0x55d111bbc820;  1 drivers
v0x55d111ba7970_0 .net *"_s1", 0 0, L_0x55d111bbcce0;  1 drivers
S_0x55d111ba7a50 .scope generate, "genblk1[11]" "genblk1[11]" 3 8, 3 8 0, S_0x55d111b53850;
 .timescale 0 0;
P_0x55d111ba7c40 .param/l "i" 0 3 8, +C4<01011>;
L_0x55d111bbce90 .functor AND 1, L_0x55d111bbcf30, L_0x55d111bbd020, C4<1>, C4<1>;
v0x55d111ba7d20_0 .net *"_s0", 0 0, L_0x55d111bbcf30;  1 drivers
v0x55d111ba7e00_0 .net *"_s1", 0 0, L_0x55d111bbd020;  1 drivers
S_0x55d111ba7ee0 .scope generate, "genblk1[12]" "genblk1[12]" 3 8, 3 8 0, S_0x55d111b53850;
 .timescale 0 0;
P_0x55d111ba80d0 .param/l "i" 0 3 8, +C4<01100>;
L_0x55d111bbd1e0 .functor AND 1, L_0x55d111bbd280, L_0x55d111bbd370, C4<1>, C4<1>;
v0x55d111ba81b0_0 .net *"_s0", 0 0, L_0x55d111bbd280;  1 drivers
v0x55d111ba8290_0 .net *"_s1", 0 0, L_0x55d111bbd370;  1 drivers
S_0x55d111ba8370 .scope generate, "genblk1[13]" "genblk1[13]" 3 8, 3 8 0, S_0x55d111b53850;
 .timescale 0 0;
P_0x55d111ba8560 .param/l "i" 0 3 8, +C4<01101>;
L_0x55d111bbd540 .functor AND 1, L_0x55d111bbd5e0, L_0x55d111bbd6d0, C4<1>, C4<1>;
v0x55d111ba8640_0 .net *"_s0", 0 0, L_0x55d111bbd5e0;  1 drivers
v0x55d111ba8720_0 .net *"_s1", 0 0, L_0x55d111bbd6d0;  1 drivers
S_0x55d111ba8800 .scope generate, "genblk1[14]" "genblk1[14]" 3 8, 3 8 0, S_0x55d111b53850;
 .timescale 0 0;
P_0x55d111ba89f0 .param/l "i" 0 3 8, +C4<01110>;
L_0x55d111bbd8b0 .functor AND 1, L_0x55d111bbd950, L_0x55d111bbda40, C4<1>, C4<1>;
v0x55d111ba8ad0_0 .net *"_s0", 0 0, L_0x55d111bbd950;  1 drivers
v0x55d111ba8bb0_0 .net *"_s1", 0 0, L_0x55d111bbda40;  1 drivers
S_0x55d111ba8c90 .scope generate, "genblk1[15]" "genblk1[15]" 3 8, 3 8 0, S_0x55d111b53850;
 .timescale 0 0;
P_0x55d111ba8e80 .param/l "i" 0 3 8, +C4<01111>;
L_0x55d111bbde40 .functor AND 1, L_0x55d111bbdee0, L_0x55d111bbdfd0, C4<1>, C4<1>;
v0x55d111ba8f60_0 .net *"_s0", 0 0, L_0x55d111bbdee0;  1 drivers
v0x55d111ba9040_0 .net *"_s1", 0 0, L_0x55d111bbdfd0;  1 drivers
S_0x55d111ba9120 .scope generate, "genblk1[16]" "genblk1[16]" 3 8, 3 8 0, S_0x55d111b53850;
 .timescale 0 0;
P_0x55d111ba9310 .param/l "i" 0 3 8, +C4<010000>;
L_0x55d111bbe1d0 .functor AND 1, L_0x55d111bbe270, L_0x55d111bbe360, C4<1>, C4<1>;
v0x55d111ba93f0_0 .net *"_s0", 0 0, L_0x55d111bbe270;  1 drivers
v0x55d111ba94d0_0 .net *"_s1", 0 0, L_0x55d111bbe360;  1 drivers
S_0x55d111ba95b0 .scope generate, "genblk1[17]" "genblk1[17]" 3 8, 3 8 0, S_0x55d111b53850;
 .timescale 0 0;
P_0x55d111ba97a0 .param/l "i" 0 3 8, +C4<010001>;
L_0x55d111bbe570 .functor AND 1, L_0x55d111bbe610, L_0x55d111bbe700, C4<1>, C4<1>;
v0x55d111ba9880_0 .net *"_s0", 0 0, L_0x55d111bbe610;  1 drivers
v0x55d111ba9960_0 .net *"_s1", 0 0, L_0x55d111bbe700;  1 drivers
S_0x55d111ba9a40 .scope generate, "genblk1[18]" "genblk1[18]" 3 8, 3 8 0, S_0x55d111b53850;
 .timescale 0 0;
P_0x55d111ba9c30 .param/l "i" 0 3 8, +C4<010010>;
L_0x55d111bbe920 .functor AND 1, L_0x55d111bbe9c0, L_0x55d111bbeab0, C4<1>, C4<1>;
v0x55d111ba9d10_0 .net *"_s0", 0 0, L_0x55d111bbe9c0;  1 drivers
v0x55d111ba9df0_0 .net *"_s1", 0 0, L_0x55d111bbeab0;  1 drivers
S_0x55d111ba9ed0 .scope generate, "genblk1[19]" "genblk1[19]" 3 8, 3 8 0, S_0x55d111b53850;
 .timescale 0 0;
P_0x55d111baa0c0 .param/l "i" 0 3 8, +C4<010011>;
L_0x55d111bbece0 .functor AND 1, L_0x55d111bbed80, L_0x55d111bbee70, C4<1>, C4<1>;
v0x55d111baa1a0_0 .net *"_s0", 0 0, L_0x55d111bbed80;  1 drivers
v0x55d111baa280_0 .net *"_s1", 0 0, L_0x55d111bbee70;  1 drivers
S_0x55d111baa360 .scope generate, "genblk1[20]" "genblk1[20]" 3 8, 3 8 0, S_0x55d111b53850;
 .timescale 0 0;
P_0x55d111baa550 .param/l "i" 0 3 8, +C4<010100>;
L_0x55d111bbf0b0 .functor AND 1, L_0x55d111bbf150, L_0x55d111bbf240, C4<1>, C4<1>;
v0x55d111baa630_0 .net *"_s0", 0 0, L_0x55d111bbf150;  1 drivers
v0x55d111baa710_0 .net *"_s1", 0 0, L_0x55d111bbf240;  1 drivers
S_0x55d111baa7f0 .scope generate, "genblk1[21]" "genblk1[21]" 3 8, 3 8 0, S_0x55d111b53850;
 .timescale 0 0;
P_0x55d111baa9e0 .param/l "i" 0 3 8, +C4<010101>;
L_0x55d111bbf490 .functor AND 1, L_0x55d111bbf530, L_0x55d111bbf620, C4<1>, C4<1>;
v0x55d111baaac0_0 .net *"_s0", 0 0, L_0x55d111bbf530;  1 drivers
v0x55d111baaba0_0 .net *"_s1", 0 0, L_0x55d111bbf620;  1 drivers
S_0x55d111baac80 .scope generate, "genblk1[22]" "genblk1[22]" 3 8, 3 8 0, S_0x55d111b53850;
 .timescale 0 0;
P_0x55d111baae70 .param/l "i" 0 3 8, +C4<010110>;
L_0x55d111bbf880 .functor AND 1, L_0x55d111bbf920, L_0x55d111bbfa10, C4<1>, C4<1>;
v0x55d111baaf50_0 .net *"_s0", 0 0, L_0x55d111bbf920;  1 drivers
v0x55d111bab030_0 .net *"_s1", 0 0, L_0x55d111bbfa10;  1 drivers
S_0x55d111bab110 .scope generate, "genblk1[23]" "genblk1[23]" 3 8, 3 8 0, S_0x55d111b53850;
 .timescale 0 0;
P_0x55d111bab300 .param/l "i" 0 3 8, +C4<010111>;
L_0x55d111bbfc80 .functor AND 1, L_0x55d111bbfd20, L_0x55d111bbfe10, C4<1>, C4<1>;
v0x55d111bab3e0_0 .net *"_s0", 0 0, L_0x55d111bbfd20;  1 drivers
v0x55d111bab4c0_0 .net *"_s1", 0 0, L_0x55d111bbfe10;  1 drivers
S_0x55d111bab5a0 .scope generate, "genblk1[24]" "genblk1[24]" 3 8, 3 8 0, S_0x55d111b53850;
 .timescale 0 0;
P_0x55d111bab790 .param/l "i" 0 3 8, +C4<011000>;
L_0x55d111bc0090 .functor AND 1, L_0x55d111bc0130, L_0x55d111bc0220, C4<1>, C4<1>;
v0x55d111bab870_0 .net *"_s0", 0 0, L_0x55d111bc0130;  1 drivers
v0x55d111bab950_0 .net *"_s1", 0 0, L_0x55d111bc0220;  1 drivers
S_0x55d111baba30 .scope generate, "genblk1[25]" "genblk1[25]" 3 8, 3 8 0, S_0x55d111b53850;
 .timescale 0 0;
P_0x55d111babc20 .param/l "i" 0 3 8, +C4<011001>;
L_0x55d111bc04b0 .functor AND 1, L_0x55d111bc0550, L_0x55d111bc0640, C4<1>, C4<1>;
v0x55d111babd00_0 .net *"_s0", 0 0, L_0x55d111bc0550;  1 drivers
v0x55d111babde0_0 .net *"_s1", 0 0, L_0x55d111bc0640;  1 drivers
S_0x55d111babec0 .scope generate, "genblk1[26]" "genblk1[26]" 3 8, 3 8 0, S_0x55d111b53850;
 .timescale 0 0;
P_0x55d111bac0b0 .param/l "i" 0 3 8, +C4<011010>;
L_0x55d111bc08e0 .functor AND 1, L_0x55d111bc0980, L_0x55d111bc0a70, C4<1>, C4<1>;
v0x55d111bac190_0 .net *"_s0", 0 0, L_0x55d111bc0980;  1 drivers
v0x55d111bac270_0 .net *"_s1", 0 0, L_0x55d111bc0a70;  1 drivers
S_0x55d111bac350 .scope generate, "genblk1[27]" "genblk1[27]" 3 8, 3 8 0, S_0x55d111b53850;
 .timescale 0 0;
P_0x55d111bac540 .param/l "i" 0 3 8, +C4<011011>;
L_0x55d111bc0d20 .functor AND 1, L_0x55d111bc0dc0, L_0x55d111bc0eb0, C4<1>, C4<1>;
v0x55d111bac620_0 .net *"_s0", 0 0, L_0x55d111bc0dc0;  1 drivers
v0x55d111bac700_0 .net *"_s1", 0 0, L_0x55d111bc0eb0;  1 drivers
S_0x55d111bac7e0 .scope generate, "genblk1[28]" "genblk1[28]" 3 8, 3 8 0, S_0x55d111b53850;
 .timescale 0 0;
P_0x55d111bac9d0 .param/l "i" 0 3 8, +C4<011100>;
L_0x55d111bc1170 .functor AND 1, L_0x55d111bc1210, L_0x55d111bc1300, C4<1>, C4<1>;
v0x55d111bacab0_0 .net *"_s0", 0 0, L_0x55d111bc1210;  1 drivers
v0x55d111bacb90_0 .net *"_s1", 0 0, L_0x55d111bc1300;  1 drivers
S_0x55d111bacc70 .scope generate, "genblk1[29]" "genblk1[29]" 3 8, 3 8 0, S_0x55d111b53850;
 .timescale 0 0;
P_0x55d111bace60 .param/l "i" 0 3 8, +C4<011101>;
L_0x55d111bc15d0 .functor AND 1, L_0x55d111bc1670, L_0x55d111bc1760, C4<1>, C4<1>;
v0x55d111bacf40_0 .net *"_s0", 0 0, L_0x55d111bc1670;  1 drivers
v0x55d111bad020_0 .net *"_s1", 0 0, L_0x55d111bc1760;  1 drivers
S_0x55d111bad100 .scope generate, "genblk1[30]" "genblk1[30]" 3 8, 3 8 0, S_0x55d111b53850;
 .timescale 0 0;
P_0x55d111bad2f0 .param/l "i" 0 3 8, +C4<011110>;
L_0x55d111bc1a40 .functor AND 1, L_0x55d111bc1ae0, L_0x55d111bc1fe0, C4<1>, C4<1>;
v0x55d111bad3d0_0 .net *"_s0", 0 0, L_0x55d111bc1ae0;  1 drivers
v0x55d111bad4b0_0 .net *"_s1", 0 0, L_0x55d111bc1fe0;  1 drivers
S_0x55d111bad590 .scope generate, "genblk1[31]" "genblk1[31]" 3 8, 3 8 0, S_0x55d111b53850;
 .timescale 0 0;
P_0x55d111bad780 .param/l "i" 0 3 8, +C4<011111>;
L_0x55d111bc26e0 .functor AND 1, L_0x55d111bc2750, L_0x55d111bc2840, C4<1>, C4<1>;
v0x55d111bad860_0 .net *"_s0", 0 0, L_0x55d111bc2750;  1 drivers
v0x55d111bad940_0 .net *"_s1", 0 0, L_0x55d111bc2840;  1 drivers
S_0x55d111bada20 .scope generate, "genblk1[32]" "genblk1[32]" 3 8, 3 8 0, S_0x55d111b53850;
 .timescale 0 0;
P_0x55d111badc10 .param/l "i" 0 3 8, +C4<0100000>;
L_0x55d111bc2b40 .functor AND 1, L_0x55d111bc2c10, L_0x55d111bc2d00, C4<1>, C4<1>;
v0x55d111badcd0_0 .net *"_s0", 0 0, L_0x55d111bc2c10;  1 drivers
v0x55d111baddd0_0 .net *"_s1", 0 0, L_0x55d111bc2d00;  1 drivers
S_0x55d111badeb0 .scope generate, "genblk1[33]" "genblk1[33]" 3 8, 3 8 0, S_0x55d111b53850;
 .timescale 0 0;
P_0x55d111bae0a0 .param/l "i" 0 3 8, +C4<0100001>;
L_0x55d111bc3010 .functor AND 1, L_0x55d111bc30b0, L_0x55d111bc31a0, C4<1>, C4<1>;
v0x55d111bae160_0 .net *"_s0", 0 0, L_0x55d111bc30b0;  1 drivers
v0x55d111bae260_0 .net *"_s1", 0 0, L_0x55d111bc31a0;  1 drivers
S_0x55d111bae340 .scope generate, "genblk1[34]" "genblk1[34]" 3 8, 3 8 0, S_0x55d111b53850;
 .timescale 0 0;
P_0x55d111bae530 .param/l "i" 0 3 8, +C4<0100010>;
L_0x55d111bc34c0 .functor AND 1, L_0x55d111bc3560, L_0x55d111bc3650, C4<1>, C4<1>;
v0x55d111bae5f0_0 .net *"_s0", 0 0, L_0x55d111bc3560;  1 drivers
v0x55d111bae6f0_0 .net *"_s1", 0 0, L_0x55d111bc3650;  1 drivers
S_0x55d111bae7d0 .scope generate, "genblk1[35]" "genblk1[35]" 3 8, 3 8 0, S_0x55d111b53850;
 .timescale 0 0;
P_0x55d111bae9c0 .param/l "i" 0 3 8, +C4<0100011>;
L_0x55d111bc3980 .functor AND 1, L_0x55d111bc3a20, L_0x55d111bc3b10, C4<1>, C4<1>;
v0x55d111baea80_0 .net *"_s0", 0 0, L_0x55d111bc3a20;  1 drivers
v0x55d111baeb80_0 .net *"_s1", 0 0, L_0x55d111bc3b10;  1 drivers
S_0x55d111baec60 .scope generate, "genblk1[36]" "genblk1[36]" 3 8, 3 8 0, S_0x55d111b53850;
 .timescale 0 0;
P_0x55d111baee50 .param/l "i" 0 3 8, +C4<0100100>;
L_0x55d111bc3e50 .functor AND 1, L_0x55d111bc3ef0, L_0x55d111bc3fe0, C4<1>, C4<1>;
v0x55d111baef10_0 .net *"_s0", 0 0, L_0x55d111bc3ef0;  1 drivers
v0x55d111baf010_0 .net *"_s1", 0 0, L_0x55d111bc3fe0;  1 drivers
S_0x55d111baf0f0 .scope generate, "genblk1[37]" "genblk1[37]" 3 8, 3 8 0, S_0x55d111b53850;
 .timescale 0 0;
P_0x55d111baf2e0 .param/l "i" 0 3 8, +C4<0100101>;
L_0x55d111bc4330 .functor AND 1, L_0x55d111bc43d0, L_0x55d111bc44c0, C4<1>, C4<1>;
v0x55d111baf3a0_0 .net *"_s0", 0 0, L_0x55d111bc43d0;  1 drivers
v0x55d111baf4a0_0 .net *"_s1", 0 0, L_0x55d111bc44c0;  1 drivers
S_0x55d111baf580 .scope generate, "genblk1[38]" "genblk1[38]" 3 8, 3 8 0, S_0x55d111b53850;
 .timescale 0 0;
P_0x55d111baf770 .param/l "i" 0 3 8, +C4<0100110>;
L_0x55d111bc4820 .functor AND 1, L_0x55d111bc48c0, L_0x55d111bc49b0, C4<1>, C4<1>;
v0x55d111baf830_0 .net *"_s0", 0 0, L_0x55d111bc48c0;  1 drivers
v0x55d111baf930_0 .net *"_s1", 0 0, L_0x55d111bc49b0;  1 drivers
S_0x55d111bafa10 .scope generate, "genblk1[39]" "genblk1[39]" 3 8, 3 8 0, S_0x55d111b53850;
 .timescale 0 0;
P_0x55d111bafc00 .param/l "i" 0 3 8, +C4<0100111>;
L_0x55d111bc4d20 .functor AND 1, L_0x55d111bc4dc0, L_0x55d111bc4eb0, C4<1>, C4<1>;
v0x55d111bafcc0_0 .net *"_s0", 0 0, L_0x55d111bc4dc0;  1 drivers
v0x55d111bafdc0_0 .net *"_s1", 0 0, L_0x55d111bc4eb0;  1 drivers
S_0x55d111bafea0 .scope generate, "genblk1[40]" "genblk1[40]" 3 8, 3 8 0, S_0x55d111b53850;
 .timescale 0 0;
P_0x55d111bb0090 .param/l "i" 0 3 8, +C4<0101000>;
L_0x55d111bc5230 .functor AND 1, L_0x55d111bc52d0, L_0x55d111bc53c0, C4<1>, C4<1>;
v0x55d111bb0150_0 .net *"_s0", 0 0, L_0x55d111bc52d0;  1 drivers
v0x55d111bb0250_0 .net *"_s1", 0 0, L_0x55d111bc53c0;  1 drivers
S_0x55d111bb0330 .scope generate, "genblk1[41]" "genblk1[41]" 3 8, 3 8 0, S_0x55d111b53850;
 .timescale 0 0;
P_0x55d111bb0520 .param/l "i" 0 3 8, +C4<0101001>;
L_0x55d111bc5750 .functor AND 1, L_0x55d111bc57f0, L_0x55d111bc58e0, C4<1>, C4<1>;
v0x55d111bb05e0_0 .net *"_s0", 0 0, L_0x55d111bc57f0;  1 drivers
v0x55d111bb06e0_0 .net *"_s1", 0 0, L_0x55d111bc58e0;  1 drivers
S_0x55d111bb07c0 .scope generate, "genblk1[42]" "genblk1[42]" 3 8, 3 8 0, S_0x55d111b53850;
 .timescale 0 0;
P_0x55d111bb09b0 .param/l "i" 0 3 8, +C4<0101010>;
L_0x55d111bc5c80 .functor AND 1, L_0x55d111bc5d20, L_0x55d111bc5e10, C4<1>, C4<1>;
v0x55d111bb0a70_0 .net *"_s0", 0 0, L_0x55d111bc5d20;  1 drivers
v0x55d111bb0b70_0 .net *"_s1", 0 0, L_0x55d111bc5e10;  1 drivers
S_0x55d111bb0c50 .scope generate, "genblk1[43]" "genblk1[43]" 3 8, 3 8 0, S_0x55d111b53850;
 .timescale 0 0;
P_0x55d111bb0e40 .param/l "i" 0 3 8, +C4<0101011>;
L_0x55d111bc61c0 .functor AND 1, L_0x55d111bc6260, L_0x55d111bc6350, C4<1>, C4<1>;
v0x55d111bb0f00_0 .net *"_s0", 0 0, L_0x55d111bc6260;  1 drivers
v0x55d111bb1000_0 .net *"_s1", 0 0, L_0x55d111bc6350;  1 drivers
S_0x55d111bb10e0 .scope generate, "genblk1[44]" "genblk1[44]" 3 8, 3 8 0, S_0x55d111b53850;
 .timescale 0 0;
P_0x55d111bb12d0 .param/l "i" 0 3 8, +C4<0101100>;
L_0x55d111bc6710 .functor AND 1, L_0x55d111bc67b0, L_0x55d111bc68a0, C4<1>, C4<1>;
v0x55d111bb1390_0 .net *"_s0", 0 0, L_0x55d111bc67b0;  1 drivers
v0x55d111bb1490_0 .net *"_s1", 0 0, L_0x55d111bc68a0;  1 drivers
S_0x55d111bb1570 .scope generate, "genblk1[45]" "genblk1[45]" 3 8, 3 8 0, S_0x55d111b53850;
 .timescale 0 0;
P_0x55d111bb1760 .param/l "i" 0 3 8, +C4<0101101>;
L_0x55d111bc6c70 .functor AND 1, L_0x55d111bc6d10, L_0x55d111bc6e00, C4<1>, C4<1>;
v0x55d111bb1820_0 .net *"_s0", 0 0, L_0x55d111bc6d10;  1 drivers
v0x55d111bb1920_0 .net *"_s1", 0 0, L_0x55d111bc6e00;  1 drivers
S_0x55d111bb1a00 .scope generate, "genblk1[46]" "genblk1[46]" 3 8, 3 8 0, S_0x55d111b53850;
 .timescale 0 0;
P_0x55d111bb1bf0 .param/l "i" 0 3 8, +C4<0101110>;
L_0x55d111bc71e0 .functor AND 1, L_0x55d111bc7280, L_0x55d111bc7370, C4<1>, C4<1>;
v0x55d111bb1cb0_0 .net *"_s0", 0 0, L_0x55d111bc7280;  1 drivers
v0x55d111bb1db0_0 .net *"_s1", 0 0, L_0x55d111bc7370;  1 drivers
S_0x55d111bb1e90 .scope generate, "genblk1[47]" "genblk1[47]" 3 8, 3 8 0, S_0x55d111b53850;
 .timescale 0 0;
P_0x55d111bb2080 .param/l "i" 0 3 8, +C4<0101111>;
L_0x55d111bc7760 .functor AND 1, L_0x55d111bc7800, L_0x55d111bc78f0, C4<1>, C4<1>;
v0x55d111bb2140_0 .net *"_s0", 0 0, L_0x55d111bc7800;  1 drivers
v0x55d111bb2240_0 .net *"_s1", 0 0, L_0x55d111bc78f0;  1 drivers
S_0x55d111bb2320 .scope generate, "genblk1[48]" "genblk1[48]" 3 8, 3 8 0, S_0x55d111b53850;
 .timescale 0 0;
P_0x55d111bb2510 .param/l "i" 0 3 8, +C4<0110000>;
L_0x55d111bc7cf0 .functor AND 1, L_0x55d111bc7d90, L_0x55d111bc7e80, C4<1>, C4<1>;
v0x55d111bb25d0_0 .net *"_s0", 0 0, L_0x55d111bc7d90;  1 drivers
v0x55d111bb26d0_0 .net *"_s1", 0 0, L_0x55d111bc7e80;  1 drivers
S_0x55d111bb27b0 .scope generate, "genblk1[49]" "genblk1[49]" 3 8, 3 8 0, S_0x55d111b53850;
 .timescale 0 0;
P_0x55d111bb29a0 .param/l "i" 0 3 8, +C4<0110001>;
L_0x55d111bc8290 .functor AND 1, L_0x55d111bc8330, L_0x55d111bc8420, C4<1>, C4<1>;
v0x55d111bb2a60_0 .net *"_s0", 0 0, L_0x55d111bc8330;  1 drivers
v0x55d111bb2b60_0 .net *"_s1", 0 0, L_0x55d111bc8420;  1 drivers
S_0x55d111bb2c40 .scope generate, "genblk1[50]" "genblk1[50]" 3 8, 3 8 0, S_0x55d111b53850;
 .timescale 0 0;
P_0x55d111bb2e30 .param/l "i" 0 3 8, +C4<0110010>;
L_0x55d111bc8840 .functor AND 1, L_0x55d111bc88e0, L_0x55d111bc89d0, C4<1>, C4<1>;
v0x55d111bb2ef0_0 .net *"_s0", 0 0, L_0x55d111bc88e0;  1 drivers
v0x55d111bb2ff0_0 .net *"_s1", 0 0, L_0x55d111bc89d0;  1 drivers
S_0x55d111bb30d0 .scope generate, "genblk1[51]" "genblk1[51]" 3 8, 3 8 0, S_0x55d111b53850;
 .timescale 0 0;
P_0x55d111bb32c0 .param/l "i" 0 3 8, +C4<0110011>;
L_0x55d111bc8e00 .functor AND 1, L_0x55d111bc8ea0, L_0x55d111bc8f90, C4<1>, C4<1>;
v0x55d111bb3380_0 .net *"_s0", 0 0, L_0x55d111bc8ea0;  1 drivers
v0x55d111bb3480_0 .net *"_s1", 0 0, L_0x55d111bc8f90;  1 drivers
S_0x55d111bb3560 .scope generate, "genblk1[52]" "genblk1[52]" 3 8, 3 8 0, S_0x55d111b53850;
 .timescale 0 0;
P_0x55d111bb3750 .param/l "i" 0 3 8, +C4<0110100>;
L_0x55d111bc93d0 .functor AND 1, L_0x55d111bc9470, L_0x55d111bc9560, C4<1>, C4<1>;
v0x55d111bb3810_0 .net *"_s0", 0 0, L_0x55d111bc9470;  1 drivers
v0x55d111bb3910_0 .net *"_s1", 0 0, L_0x55d111bc9560;  1 drivers
S_0x55d111bb39f0 .scope generate, "genblk1[53]" "genblk1[53]" 3 8, 3 8 0, S_0x55d111b53850;
 .timescale 0 0;
P_0x55d111bb3be0 .param/l "i" 0 3 8, +C4<0110101>;
L_0x55d111bc99b0 .functor AND 1, L_0x55d111bc9a50, L_0x55d111bc9b40, C4<1>, C4<1>;
v0x55d111bb3ca0_0 .net *"_s0", 0 0, L_0x55d111bc9a50;  1 drivers
v0x55d111bb3da0_0 .net *"_s1", 0 0, L_0x55d111bc9b40;  1 drivers
S_0x55d111bb3e80 .scope generate, "genblk1[54]" "genblk1[54]" 3 8, 3 8 0, S_0x55d111b53850;
 .timescale 0 0;
P_0x55d111bb4070 .param/l "i" 0 3 8, +C4<0110110>;
L_0x55d111bc9fa0 .functor AND 1, L_0x55d111bca040, L_0x55d111bca130, C4<1>, C4<1>;
v0x55d111bb4130_0 .net *"_s0", 0 0, L_0x55d111bca040;  1 drivers
v0x55d111bb4230_0 .net *"_s1", 0 0, L_0x55d111bca130;  1 drivers
S_0x55d111bb4310 .scope generate, "genblk1[55]" "genblk1[55]" 3 8, 3 8 0, S_0x55d111b53850;
 .timescale 0 0;
P_0x55d111bb4500 .param/l "i" 0 3 8, +C4<0110111>;
L_0x55d111bca5a0 .functor AND 1, L_0x55d111bca640, L_0x55d111bca730, C4<1>, C4<1>;
v0x55d111bb45c0_0 .net *"_s0", 0 0, L_0x55d111bca640;  1 drivers
v0x55d111bb46c0_0 .net *"_s1", 0 0, L_0x55d111bca730;  1 drivers
S_0x55d111bb47a0 .scope generate, "genblk1[56]" "genblk1[56]" 3 8, 3 8 0, S_0x55d111b53850;
 .timescale 0 0;
P_0x55d111bb4990 .param/l "i" 0 3 8, +C4<0111000>;
L_0x55d111bcabb0 .functor AND 1, L_0x55d111bcac50, L_0x55d111bcad40, C4<1>, C4<1>;
v0x55d111bb4a50_0 .net *"_s0", 0 0, L_0x55d111bcac50;  1 drivers
v0x55d111bb4b50_0 .net *"_s1", 0 0, L_0x55d111bcad40;  1 drivers
S_0x55d111bb4c30 .scope generate, "genblk1[57]" "genblk1[57]" 3 8, 3 8 0, S_0x55d111b53850;
 .timescale 0 0;
P_0x55d111bb4e20 .param/l "i" 0 3 8, +C4<0111001>;
L_0x55d111bcb1d0 .functor AND 1, L_0x55d111bcb270, L_0x55d111bcb360, C4<1>, C4<1>;
v0x55d111bb4ee0_0 .net *"_s0", 0 0, L_0x55d111bcb270;  1 drivers
v0x55d111bb4fe0_0 .net *"_s1", 0 0, L_0x55d111bcb360;  1 drivers
S_0x55d111bb50c0 .scope generate, "genblk1[58]" "genblk1[58]" 3 8, 3 8 0, S_0x55d111b53850;
 .timescale 0 0;
P_0x55d111bb52b0 .param/l "i" 0 3 8, +C4<0111010>;
L_0x55d111bcb800 .functor AND 1, L_0x55d111bcb8a0, L_0x55d111bcb990, C4<1>, C4<1>;
v0x55d111bb5370_0 .net *"_s0", 0 0, L_0x55d111bcb8a0;  1 drivers
v0x55d111bb5470_0 .net *"_s1", 0 0, L_0x55d111bcb990;  1 drivers
S_0x55d111bb5550 .scope generate, "genblk1[59]" "genblk1[59]" 3 8, 3 8 0, S_0x55d111b53850;
 .timescale 0 0;
P_0x55d111bb5740 .param/l "i" 0 3 8, +C4<0111011>;
L_0x55d111bcbe40 .functor AND 1, L_0x55d111bcbee0, L_0x55d111bcbfd0, C4<1>, C4<1>;
v0x55d111bb5800_0 .net *"_s0", 0 0, L_0x55d111bcbee0;  1 drivers
v0x55d111bb5900_0 .net *"_s1", 0 0, L_0x55d111bcbfd0;  1 drivers
S_0x55d111bb59e0 .scope generate, "genblk1[60]" "genblk1[60]" 3 8, 3 8 0, S_0x55d111b53850;
 .timescale 0 0;
P_0x55d111bb5bd0 .param/l "i" 0 3 8, +C4<0111100>;
L_0x55d111bcc490 .functor AND 1, L_0x55d111bcc530, L_0x55d111bcc620, C4<1>, C4<1>;
v0x55d111bb5c90_0 .net *"_s0", 0 0, L_0x55d111bcc530;  1 drivers
v0x55d111bb5d90_0 .net *"_s1", 0 0, L_0x55d111bcc620;  1 drivers
S_0x55d111bb5e70 .scope generate, "genblk1[61]" "genblk1[61]" 3 8, 3 8 0, S_0x55d111b53850;
 .timescale 0 0;
P_0x55d111bb6060 .param/l "i" 0 3 8, +C4<0111101>;
L_0x55d111bccaf0 .functor AND 1, L_0x55d111bccb90, L_0x55d111bccc80, C4<1>, C4<1>;
v0x55d111bb6120_0 .net *"_s0", 0 0, L_0x55d111bccb90;  1 drivers
v0x55d111bb6220_0 .net *"_s1", 0 0, L_0x55d111bccc80;  1 drivers
S_0x55d111bb6300 .scope generate, "genblk1[62]" "genblk1[62]" 3 8, 3 8 0, S_0x55d111b53850;
 .timescale 0 0;
P_0x55d111bb64f0 .param/l "i" 0 3 8, +C4<0111110>;
L_0x55d111bcd160 .functor AND 1, L_0x55d111bcd200, L_0x55d111bcdb00, C4<1>, C4<1>;
v0x55d111bb65b0_0 .net *"_s0", 0 0, L_0x55d111bcd200;  1 drivers
v0x55d111bb66b0_0 .net *"_s1", 0 0, L_0x55d111bcdb00;  1 drivers
S_0x55d111bb6790 .scope generate, "genblk1[63]" "genblk1[63]" 3 8, 3 8 0, S_0x55d111b53850;
 .timescale 0 0;
P_0x55d111bb6980 .param/l "i" 0 3 8, +C4<0111111>;
L_0x55d111bcfca0 .functor AND 1, L_0x55d111bcfd60, L_0x55d111bd0260, C4<1>, C4<1>;
v0x55d111bb6a40_0 .net *"_s0", 0 0, L_0x55d111bcfd60;  1 drivers
v0x55d111bb6b40_0 .net *"_s1", 0 0, L_0x55d111bd0260;  1 drivers
    .scope S_0x55d111b536d0;
T_0 ;
    %vpi_call 2 11 "$dumpfile", "And_test.vcd" {0 0 0};
    %vpi_call 2 12 "$dumpvars", 32'sb00000000000000000000000000000000, S_0x55d111b536d0 {0 0 0};
    %vpi_call 2 13 "$monitor", "       a=%b\012       b=%b\012  output=%b\012", v0x55d111bbadb0_0, v0x55d111bbae70_0, v0x55d111bbaf40_0 {0 0 0};
    %pushi/vec4 19, 0, 64;
    %store/vec4 v0x55d111bbadb0_0, 0, 64;
    %pushi/vec4 10, 0, 64;
    %store/vec4 v0x55d111bbae70_0, 0, 64;
    %delay 50, 0;
    %pushi/vec4 1391790, 0, 64;
    %store/vec4 v0x55d111bbadb0_0, 0, 64;
    %pushi/vec4 22005, 0, 64;
    %store/vec4 v0x55d111bbae70_0, 0, 64;
    %delay 50, 0;
    %pushi/vec4 30785, 0, 64;
    %store/vec4 v0x55d111bbadb0_0, 0, 64;
    %pushi/vec4 7255, 0, 64;
    %store/vec4 v0x55d111bbae70_0, 0, 64;
    %delay 50, 0;
    %pushi/vec4 31461255, 0, 64;
    %store/vec4 v0x55d111bbadb0_0, 0, 64;
    %pushi/vec4 16455, 0, 64;
    %store/vec4 v0x55d111bbae70_0, 0, 64;
    %delay 50, 0;
    %pushi/vec4 4117885439, 0, 32;
    %concati/vec4 2178969809, 0, 32;
    %store/vec4 v0x55d111bbadb0_0, 0, 64;
    %pushi/vec4 4294966208, 0, 32;
    %concati/vec4 3812856, 0, 32;
    %store/vec4 v0x55d111bbae70_0, 0, 64;
    %delay 50, 0;
    %end;
    .thread T_0;
# The file index is used to find the file name in the following table.
:file_names 4;
    "N/A";
    "<interactive>";
    "and_tb.v";
    "and64.v";
